{"C:\\Users\\dldbs\\Desktop\\RSS\\components\\company-timeline.module.css": {"path":"C:\\Users\\dldbs\\Desktop\\RSS\\components\\company-timeline.module.css","statementMap":{},"fnMap":{},"branchMap":{},"s":{},"f":{},"b":{},"meta":{"lastBranch":0,"lastFunction":0,"lastStatement":0,"seen":{}}}
,"C:\\Users\\dldbs\\Desktop\\RSS\\components\\company-timeline.tsx": {"path":"C:\\Users\\dldbs\\Desktop\\RSS\\components\\company-timeline.tsx","statementMap":{"0":{"start":{"line":12,"column":24},"end":{"line":12,"column":null}},"1":{"start":{"line":13,"column":18},"end":{"line":13,"column":null}},"2":{"start":{"line":14,"column":16},"end":{"line":14,"column":null}},"3":{"start":{"line":16,"column":2},"end":{"line":34,"column":null}},"4":{"start":{"line":18,"column":6},"end":{"line":18,"column":null}},"5":{"start":{"line":19,"column":6},"end":{"line":31,"column":null}},"6":{"start":{"line":20,"column":25},"end":{"line":20,"column":null}},"7":{"start":{"line":21,"column":8},"end":{"line":21,"column":null}},"8":{"start":{"line":21,"column":26},"end":{"line":21,"column":null}},"9":{"start":{"line":22,"column":21},"end":{"line":22,"column":null}},"10":{"start":{"line":23,"column":8},"end":{"line":23,"column":null}},"11":{"start":{"line":25,"column":8},"end":{"line":25,"column":null}},"12":{"start":{"line":27,"column":25},"end":{"line":27,"column":null}},"13":{"start":{"line":27,"column":46},"end":{"line":27,"column":70}},"14":{"start":{"line":28,"column":8},"end":{"line":28,"column":null}},"15":{"start":{"line":30,"column":8},"end":{"line":30,"column":null}},"16":{"start":{"line":33,"column":4},"end":{"line":33,"column":null}},"17":{"start":{"line":36,"column":2},"end":{"line":80,"column":null}},"18":{"start":{"line":38,"column":50},"end":{"line":38,"column":null}},"19":{"start":{"line":54,"column":16},"end":{"line":72,"column":null}}},"fnMap":{"0":{"name":"CompanyTimeline","decl":{"start":{"line":11,"column":16},"end":{"line":11,"column":32}},"loc":{"start":{"line":11,"column":83},"end":{"line":82,"column":null}},"line":11},"1":{"name":"(anonymous_1)","decl":{"start":{"line":16,"column":2},"end":{"line":16,"column":18}},"loc":{"start":{"line":16,"column":18},"end":{"line":34,"column":5}},"line":16},"2":{"name":"loadHistory","decl":{"start":{"line":17,"column":19},"end":{"line":17,"column":33}},"loc":{"start":{"line":17,"column":33},"end":{"line":32,"column":null}},"line":17},"3":{"name":"(anonymous_3)","decl":{"start":{"line":27,"column":31},"end":{"line":27,"column":38}},"loc":{"start":{"line":27,"column":46},"end":{"line":27,"column":70}},"line":27},"4":{"name":"(anonymous_4)","decl":{"start":{"line":38,"column":36},"end":{"line":38,"column":45}},"loc":{"start":{"line":38,"column":50},"end":{"line":38,"column":null}},"line":38},"5":{"name":"(anonymous_5)","decl":{"start":{"line":53,"column":29},"end":{"line":53,"column":34}},"loc":{"start":{"line":54,"column":16},"end":{"line":72,"column":null}},"line":54}},"branchMap":{"0":{"loc":{"start":{"line":21,"column":8},"end":{"line":21,"column":null}},"type":"if","locations":[{"start":{"line":21,"column":8},"end":{"line":21,"column":null}},{"start":{},"end":{}}],"line":21},"1":{"loc":{"start":{"line":25,"column":17},"end":{"line":25,"column":73}},"type":"cond-expr","locations":[{"start":{"line":25,"column":40},"end":{"line":25,"column":54}},{"start":{"line":25,"column":54},"end":{"line":25,"column":73}}],"line":25},"2":{"loc":{"start":{"line":47,"column":11},"end":{"line":76,"column":null}},"type":"cond-expr","locations":[{"start":{"line":48,"column":12},"end":{"line":49,"column":23}},{"start":{"line":49,"column":14},"end":{"line":76,"column":null}}],"line":47},"3":{"loc":{"start":{"line":49,"column":14},"end":{"line":76,"column":null}},"type":"cond-expr","locations":[{"start":{"line":50,"column":12},"end":{"line":51,"column":28}},{"start":{"line":51,"column":14},"end":{"line":76,"column":null}}],"line":49},"4":{"loc":{"start":{"line":49,"column":14},"end":{"line":49,"column":null}},"type":"binary-expr","locations":[{"start":{"line":49,"column":14},"end":{"line":49,"column":23}},{"start":{"line":49,"column":23},"end":{"line":49,"column":null}}],"line":49},"5":{"loc":{"start":{"line":51,"column":14},"end":{"line":76,"column":null}},"type":"cond-expr","locations":[{"start":{"line":52,"column":12},"end":{"line":76,"column":13}},{"start":{"line":76,"column":12},"end":{"line":76,"column":null}}],"line":51},"6":{"loc":{"start":{"line":62,"column":22},"end":{"line":64,"column":null}},"type":"cond-expr","locations":[{"start":{"line":62,"column":49},"end":{"line":62,"column":null}},{"start":{"line":63,"column":22},"end":{"line":64,"column":null}}],"line":62},"7":{"loc":{"start":{"line":63,"column":22},"end":{"line":64,"column":null}},"type":"cond-expr","locations":[{"start":{"line":63,"column":47},"end":{"line":63,"column":null}},{"start":{"line":64,"column":22},"end":{"line":64,"column":null}}],"line":63},"8":{"loc":{"start":{"line":64,"column":22},"end":{"line":64,"column":null}},"type":"cond-expr","locations":[{"start":{"line":64,"column":47},"end":{"line":64,"column":64}},{"start":{"line":64,"column":64},"end":{"line":64,"column":null}}],"line":64},"9":{"loc":{"start":{"line":66,"column":23},"end":{"line":66,"column":null}},"type":"binary-expr","locations":[{"start":{"line":66,"column":23},"end":{"line":66,"column":40}},{"start":{"line":66,"column":40},"end":{"line":66,"column":null}}],"line":66},"10":{"loc":{"start":{"line":54,"column":26},"end":{"line":54,"column":42}},"type":"binary-expr","locations":[{"start":{"line":54,"column":26},"end":{"line":54,"column":39}},{"start":{"line":54,"column":39},"end":{"line":54,"column":42}}],"line":54}},"s":{"0":0,"1":0,"2":0,"3":0,"4":0,"5":0,"6":0,"7":0,"8":0,"9":0,"10":0,"11":0,"12":0,"13":0,"14":0,"15":0,"16":0,"17":0,"18":0,"19":0},"f":{"0":0,"1":0,"2":0,"3":0,"4":0,"5":0},"b":{"0":[0,0],"1":[0,0],"2":[0,0],"3":[0,0],"4":[0,0],"5":[0,0],"6":[0,0],"7":[0,0],"8":[0,0],"9":[0,0],"10":[0,0]},"meta":{"lastBranch":11,"lastFunction":6,"lastStatement":20,"seen":{"f:11:16:11:32":0,"s:12:24:12:Infinity":0,"s:13:18:13:Infinity":1,"s:14:16:14:Infinity":2,"s:16:2:34:Infinity":3,"f:16:2:16:18":1,"f:17:19:17:33":2,"s:18:6:18:Infinity":4,"s:19:6:31:Infinity":5,"s:20:25:20:Infinity":6,"b:21:8:21:Infinity:undefined:undefined:undefined:undefined":0,"s:21:8:21:Infinity":7,"s:21:26:21:Infinity":8,"s:22:21:22:Infinity":9,"s:23:8:23:Infinity":10,"s:25:8:25:Infinity":11,"b:25:40:25:54:25:54:25:73":1,"s:27:25:27:Infinity":12,"f:27:31:27:38":3,"s:27:46:27:70":13,"s:28:8:28:Infinity":14,"s:30:8:30:Infinity":15,"s:33:4:33:Infinity":16,"s:36:2:80:Infinity":17,"f:38:36:38:45":4,"s:38:50:38:Infinity":18,"b:48:12:49:23:49:14:76:Infinity":2,"b:50:12:51:28:51:14:76:Infinity":3,"b:49:14:49:23:49:23:49:Infinity":4,"b:52:12:76:13:76:12:76:Infinity":5,"f:53:29:53:34":5,"s:54:16:72:Infinity":19,"b:62:49:62:Infinity:63:22:64:Infinity":6,"b:63:47:63:Infinity:64:22:64:Infinity":7,"b:64:47:64:64:64:64:64:Infinity":8,"b:66:23:66:40:66:40:66:Infinity":9,"b:54:26:54:39:54:39:54:42":10}}}
,"C:\\Users\\dldbs\\Desktop\\RSS\\components\\contract-badge.module.css": {"path":"C:\\Users\\dldbs\\Desktop\\RSS\\components\\contract-badge.module.css","statementMap":{},"fnMap":{},"branchMap":{},"s":{},"f":{},"b":{},"meta":{"lastBranch":0,"lastFunction":0,"lastStatement":0,"seen":{}}}
,"C:\\Users\\dldbs\\Desktop\\RSS\\components\\contract-badge.tsx": {"path":"C:\\Users\\dldbs\\Desktop\\RSS\\components\\contract-badge.tsx","statementMap":{"0":{"start":{"line":1,"column":0},"end":{"line":1,"column":null}},"1":{"start":{"line":12,"column":15},"end":{"line":12,"column":null}},"2":{"start":{"line":13,"column":18},"end":{"line":13,"column":null}},"3":{"start":{"line":14,"column":16},"end":{"line":14,"column":null}},"4":{"start":{"line":16,"column":2},"end":{"line":36,"column":null}},"5":{"start":{"line":17,"column":4},"end":{"line":20,"column":null}},"6":{"start":{"line":18,"column":6},"end":{"line":18,"column":null}},"7":{"start":{"line":19,"column":6},"end":{"line":19,"column":null}},"8":{"start":{"line":23,"column":6},"end":{"line":32,"column":null}},"9":{"start":{"line":24,"column":20},"end":{"line":24,"column":null}},"10":{"start":{"line":25,"column":8},"end":{"line":25,"column":null}},"11":{"start":{"line":25,"column":21},"end":{"line":25,"column":null}},"12":{"start":{"line":26,"column":21},"end":{"line":26,"column":null}},"13":{"start":{"line":27,"column":8},"end":{"line":27,"column":null}},"14":{"start":{"line":29,"column":8},"end":{"line":29,"column":null}},"15":{"start":{"line":31,"column":8},"end":{"line":31,"column":null}},"16":{"start":{"line":35,"column":4},"end":{"line":35,"column":null}},"17":{"start":{"line":38,"column":2},"end":{"line":45,"column":null}},"18":{"start":{"line":39,"column":4},"end":{"line":43,"column":null}},"19":{"start":{"line":47,"column":2},"end":{"line":50,"column":null}},"20":{"start":{"line":49,"column":4},"end":{"line":49,"column":null}},"21":{"start":{"line":52,"column":2},"end":{"line":63,"column":null}}},"fnMap":{"0":{"name":"ContractBadge","decl":{"start":{"line":11,"column":16},"end":{"line":11,"column":30}},"loc":{"start":{"line":11,"column":50},"end":{"line":65,"column":null}},"line":11},"1":{"name":"(anonymous_1)","decl":{"start":{"line":16,"column":2},"end":{"line":16,"column":18}},"loc":{"start":{"line":16,"column":18},"end":{"line":36,"column":5}},"line":16},"2":{"name":"load","decl":{"start":{"line":22,"column":19},"end":{"line":22,"column":26}},"loc":{"start":{"line":22,"column":26},"end":{"line":33,"column":null}},"line":22}},"branchMap":{"0":{"loc":{"start":{"line":17,"column":4},"end":{"line":20,"column":null}},"type":"if","locations":[{"start":{"line":17,"column":4},"end":{"line":20,"column":null}},{"start":{},"end":{}}],"line":17},"1":{"loc":{"start":{"line":25,"column":8},"end":{"line":25,"column":null}},"type":"if","locations":[{"start":{"line":25,"column":8},"end":{"line":25,"column":null}},{"start":{},"end":{}}],"line":25},"2":{"loc":{"start":{"line":38,"column":2},"end":{"line":45,"column":null}},"type":"if","locations":[{"start":{"line":38,"column":2},"end":{"line":45,"column":null}},{"start":{},"end":{}}],"line":38},"3":{"loc":{"start":{"line":47,"column":2},"end":{"line":50,"column":null}},"type":"if","locations":[{"start":{"line":47,"column":2},"end":{"line":50,"column":null}},{"start":{},"end":{}}],"line":47},"4":{"loc":{"start":{"line":47,"column":6},"end":{"line":47,"column":22}},"type":"binary-expr","locations":[{"start":{"line":47,"column":6},"end":{"line":47,"column":15}},{"start":{"line":47,"column":15},"end":{"line":47,"column":22}}],"line":47}},"s":{"0":1,"1":0,"2":0,"3":0,"4":0,"5":0,"6":0,"7":0,"8":0,"9":0,"10":0,"11":0,"12":0,"13":0,"14":0,"15":0,"16":0,"17":0,"18":0,"19":0,"20":0,"21":0},"f":{"0":0,"1":0,"2":0},"b":{"0":[0,0],"1":[0,0],"2":[0,0],"3":[0,0],"4":[0,0]},"meta":{"lastBranch":5,"lastFunction":3,"lastStatement":22,"seen":{"s:1:0:1:Infinity":0,"f:11:16:11:30":0,"s:12:15:12:Infinity":1,"s:13:18:13:Infinity":2,"s:14:16:14:Infinity":3,"s:16:2:36:Infinity":4,"f:16:2:16:18":1,"b:17:4:20:Infinity:undefined:undefined:undefined:undefined":0,"s:17:4:20:Infinity":5,"s:18:6:18:Infinity":6,"s:19:6:19:Infinity":7,"f:22:19:22:26":2,"s:23:6:32:Infinity":8,"s:24:20:24:Infinity":9,"b:25:8:25:Infinity:undefined:undefined:undefined:undefined":1,"s:25:8:25:Infinity":10,"s:25:21:25:Infinity":11,"s:26:21:26:Infinity":12,"s:27:8:27:Infinity":13,"s:29:8:29:Infinity":14,"s:31:8:31:Infinity":15,"s:35:4:35:Infinity":16,"b:38:2:45:Infinity:undefined:undefined:undefined:undefined":2,"s:38:2:45:Infinity":17,"s:39:4:43:Infinity":18,"b:47:2:50:Infinity:undefined:undefined:undefined:undefined":3,"s:47:2:50:Infinity":19,"b:47:6:47:15:47:15:47:22":4,"s:49:4:49:Infinity":20,"s:52:2:63:Infinity":21}}}
,"C:\\Users\\dldbs\\Desktop\\RSS\\components\\disclosure-detail-badge.module.css": {"path":"C:\\Users\\dldbs\\Desktop\\RSS\\components\\disclosure-detail-badge.module.css","statementMap":{},"fnMap":{},"branchMap":{},"s":{},"f":{},"b":{},"meta":{"lastBranch":0,"lastFunction":0,"lastStatement":0,"seen":{}}}
,"C:\\Users\\dldbs\\Desktop\\RSS\\components\\disclosure-detail-badge.tsx": {"path":"C:\\Users\\dldbs\\Desktop\\RSS\\components\\disclosure-detail-badge.tsx","statementMap":{"0":{"start":{"line":1,"column":0},"end":{"line":1,"column":null}},"1":{"start":{"line":14,"column":17},"end":{"line":14,"column":null}},"2":{"start":{"line":15,"column":18},"end":{"line":15,"column":null}},"3":{"start":{"line":17,"column":2},"end":{"line":48,"column":null}},"4":{"start":{"line":18,"column":20},"end":{"line":18,"column":null}},"5":{"start":{"line":21,"column":6},"end":{"line":24,"column":null}},"6":{"start":{"line":22,"column":8},"end":{"line":22,"column":null}},"7":{"start":{"line":23,"column":8},"end":{"line":23,"column":null}},"8":{"start":{"line":26,"column":6},"end":{"line":40,"column":null}},"9":{"start":{"line":27,"column":20},"end":{"line":27,"column":null}},"10":{"start":{"line":28,"column":8},"end":{"line":28,"column":null}},"11":{"start":{"line":28,"column":21},"end":{"line":28,"column":null}},"12":{"start":{"line":29,"column":21},"end":{"line":29,"column":null}},"13":{"start":{"line":31,"column":8},"end":{"line":33,"column":null}},"14":{"start":{"line":32,"column":10},"end":{"line":32,"column":null}},"15":{"start":{"line":37,"column":8},"end":{"line":39,"column":null}},"16":{"start":{"line":38,"column":10},"end":{"line":38,"column":null}},"17":{"start":{"line":43,"column":4},"end":{"line":43,"column":null}},"18":{"start":{"line":45,"column":4},"end":{"line":47,"column":null}},"19":{"start":{"line":46,"column":6},"end":{"line":46,"column":null}},"20":{"start":{"line":50,"column":2},"end":{"line":50,"column":null}},"21":{"start":{"line":50,"column":30},"end":{"line":50,"column":null}},"22":{"start":{"line":52,"column":2},"end":{"line":64,"column":null}}},"fnMap":{"0":{"name":"DisclosureDetailBadge","decl":{"start":{"line":13,"column":16},"end":{"line":13,"column":38}},"loc":{"start":{"line":13,"column":90},"end":{"line":66,"column":null}},"line":13},"1":{"name":"(anonymous_1)","decl":{"start":{"line":17,"column":2},"end":{"line":17,"column":18}},"loc":{"start":{"line":17,"column":18},"end":{"line":48,"column":5}},"line":17},"2":{"name":"fetchDetail","decl":{"start":{"line":20,"column":19},"end":{"line":20,"column":33}},"loc":{"start":{"line":20,"column":33},"end":{"line":41,"column":null}},"line":20},"3":{"name":"(anonymous_3)","decl":{"start":{"line":45,"column":4},"end":{"line":45,"column":17}},"loc":{"start":{"line":45,"column":17},"end":{"line":47,"column":null}},"line":45}},"branchMap":{"0":{"loc":{"start":{"line":21,"column":6},"end":{"line":24,"column":null}},"type":"if","locations":[{"start":{"line":21,"column":6},"end":{"line":24,"column":null}},{"start":{},"end":{}}],"line":21},"1":{"loc":{"start":{"line":21,"column":10},"end":{"line":21,"column":34}},"type":"binary-expr","locations":[{"start":{"line":21,"column":10},"end":{"line":21,"column":23}},{"start":{"line":21,"column":23},"end":{"line":21,"column":34}}],"line":21},"2":{"loc":{"start":{"line":28,"column":8},"end":{"line":28,"column":null}},"type":"if","locations":[{"start":{"line":28,"column":8},"end":{"line":28,"column":null}},{"start":{},"end":{}}],"line":28},"3":{"loc":{"start":{"line":31,"column":8},"end":{"line":33,"column":null}},"type":"if","locations":[{"start":{"line":31,"column":8},"end":{"line":33,"column":null}},{"start":{},"end":{}}],"line":31},"4":{"loc":{"start":{"line":31,"column":12},"end":{"line":31,"column":32}},"type":"binary-expr","locations":[{"start":{"line":31,"column":12},"end":{"line":31,"column":26}},{"start":{"line":31,"column":26},"end":{"line":31,"column":32}}],"line":31},"5":{"loc":{"start":{"line":37,"column":8},"end":{"line":39,"column":null}},"type":"if","locations":[{"start":{"line":37,"column":8},"end":{"line":39,"column":null}},{"start":{},"end":{}}],"line":37},"6":{"loc":{"start":{"line":50,"column":2},"end":{"line":50,"column":null}},"type":"if","locations":[{"start":{"line":50,"column":2},"end":{"line":50,"column":null}},{"start":{},"end":{}}],"line":50},"7":{"loc":{"start":{"line":50,"column":6},"end":{"line":50,"column":30}},"type":"binary-expr","locations":[{"start":{"line":50,"column":6},"end":{"line":50,"column":19}},{"start":{"line":50,"column":19},"end":{"line":50,"column":30}}],"line":50},"8":{"loc":{"start":{"line":54,"column":7},"end":{"line":63,"column":null}},"type":"cond-expr","locations":[{"start":{"line":55,"column":8},"end":{"line":59,"column":null}},{"start":{"line":59,"column":10},"end":{"line":63,"column":null}}],"line":54},"9":{"loc":{"start":{"line":59,"column":10},"end":{"line":63,"column":null}},"type":"cond-expr","locations":[{"start":{"line":60,"column":8},"end":{"line":63,"column":null}},{"start":{"line":63,"column":10},"end":{"line":63,"column":null}}],"line":59}},"s":{"0":1,"1":0,"2":0,"3":0,"4":0,"5":0,"6":0,"7":0,"8":0,"9":0,"10":0,"11":0,"12":0,"13":0,"14":0,"15":0,"16":0,"17":0,"18":0,"19":0,"20":0,"21":0,"22":0},"f":{"0":0,"1":0,"2":0,"3":0},"b":{"0":[0,0],"1":[0,0],"2":[0,0],"3":[0,0],"4":[0,0],"5":[0,0],"6":[0,0],"7":[0,0],"8":[0,0],"9":[0,0]},"meta":{"lastBranch":10,"lastFunction":4,"lastStatement":23,"seen":{"s:1:0:1:Infinity":0,"f:13:16:13:38":0,"s:14:17:14:Infinity":1,"s:15:18:15:Infinity":2,"s:17:2:48:Infinity":3,"f:17:2:17:18":1,"s:18:20:18:Infinity":4,"f:20:19:20:33":2,"b:21:6:24:Infinity:undefined:undefined:undefined:undefined":0,"s:21:6:24:Infinity":5,"b:21:10:21:23:21:23:21:34":1,"s:22:8:22:Infinity":6,"s:23:8:23:Infinity":7,"s:26:6:40:Infinity":8,"s:27:20:27:Infinity":9,"b:28:8:28:Infinity:undefined:undefined:undefined:undefined":2,"s:28:8:28:Infinity":10,"s:28:21:28:Infinity":11,"s:29:21:29:Infinity":12,"b:31:8:33:Infinity:undefined:undefined:undefined:undefined":3,"s:31:8:33:Infinity":13,"b:31:12:31:26:31:26:31:32":4,"s:32:10:32:Infinity":14,"b:37:8:39:Infinity:undefined:undefined:undefined:undefined":5,"s:37:8:39:Infinity":15,"s:38:10:38:Infinity":16,"s:43:4:43:Infinity":17,"s:45:4:47:Infinity":18,"f:45:4:45:17":3,"s:46:6:46:Infinity":19,"b:50:2:50:Infinity:undefined:undefined:undefined:undefined":6,"s:50:2:50:Infinity":20,"b:50:6:50:19:50:19:50:30":7,"s:50:30:50:Infinity":21,"s:52:2:64:Infinity":22,"b:55:8:59:Infinity:59:10:63:Infinity":8,"b:60:8:63:Infinity:63:10:63:Infinity":9}}}
,"C:\\Users\\dldbs\\Desktop\\RSS\\components\\feed-page.tsx": {"path":"C:\\Users\\dldbs\\Desktop\\RSS\\components\\feed-page.tsx","statementMap":{"0":{"start":{"line":1,"column":0},"end":{"line":1,"column":null}},"1":{"start":{"line":34,"column":2},"end":{"line":34,"column":null}},"2":{"start":{"line":34,"column":24},"end":{"line":34,"column":null}},"3":{"start":{"line":35,"column":8},"end":{"line":35,"column":null}},"4":{"start":{"line":36,"column":2},"end":{"line":36,"column":null}},"5":{"start":{"line":36,"column":25},"end":{"line":36,"column":null}},"6":{"start":{"line":37,"column":2},"end":{"line":37,"column":null}},"7":{"start":{"line":37,"column":25},"end":{"line":37,"column":null}},"8":{"start":{"line":38,"column":2},"end":{"line":38,"column":null}},"9":{"start":{"line":42,"column":33},"end":{"line":42,"column":null}},"10":{"start":{"line":44,"column":2},"end":{"line":62,"column":null}},"11":{"start":{"line":47,"column":29},"end":{"line":47,"column":null}},"12":{"start":{"line":47,"column":52},"end":{"line":47,"column":78}},"13":{"start":{"line":48,"column":8},"end":{"line":50,"column":null}},"14":{"start":{"line":49,"column":10},"end":{"line":49,"column":null}},"15":{"start":{"line":52,"column":8},"end":{"line":59,"column":null}},"16":{"start":{"line":67,"column":2},"end":{"line":122,"column":null}},"17":{"start":{"line":82,"column":30},"end":{"line":82,"column":null}},"18":{"start":{"line":83,"column":12},"end":{"line":117,"column":null}},"19":{"start":{"line":89,"column":35},"end":{"line":89,"column":null}},"20":{"start":{"line":100,"column":35},"end":{"line":100,"column":null}},"21":{"start":{"line":127,"column":33},"end":{"line":127,"column":null}},"22":{"start":{"line":129,"column":2},"end":{"line":147,"column":null}},"23":{"start":{"line":132,"column":29},"end":{"line":132,"column":null}},"24":{"start":{"line":132,"column":52},"end":{"line":132,"column":80}},"25":{"start":{"line":133,"column":8},"end":{"line":135,"column":null}},"26":{"start":{"line":134,"column":10},"end":{"line":134,"column":null}},"27":{"start":{"line":137,"column":8},"end":{"line":144,"column":null}},"28":{"start":{"line":152,"column":2},"end":{"line":204,"column":null}},"29":{"start":{"line":167,"column":30},"end":{"line":167,"column":null}},"30":{"start":{"line":168,"column":12},"end":{"line":199,"column":null}},"31":{"start":{"line":174,"column":35},"end":{"line":174,"column":null}},"32":{"start":{"line":186,"column":35},"end":{"line":186,"column":null}},"33":{"start":{"line":209,"column":18},"end":{"line":209,"column":null}},"34":{"start":{"line":210,"column":16},"end":{"line":210,"column":null}},"35":{"start":{"line":211,"column":19},"end":{"line":211,"column":null}},"36":{"start":{"line":212,"column":18},"end":{"line":212,"column":null}},"37":{"start":{"line":213,"column":19},"end":{"line":213,"column":null}},"38":{"start":{"line":214,"column":15},"end":{"line":214,"column":null}},"39":{"start":{"line":215,"column":22},"end":{"line":215,"column":null}},"40":{"start":{"line":216,"column":20},"end":{"line":216,"column":null}},"41":{"start":{"line":217,"column":26},"end":{"line":217,"column":null}},"42":{"start":{"line":218,"column":8},"end":{"line":218,"column":null}},"43":{"start":{"line":219,"column":86},"end":{"line":219,"column":null}},"44":{"start":{"line":221,"column":2},"end":{"line":223,"column":null}},"45":{"start":{"line":222,"column":4},"end":{"line":222,"column":null}},"46":{"start":{"line":225,"column":8},"end":{"line":227,"column":null}},"47":{"start":{"line":226,"column":4},"end":{"line":226,"column":null}},"48":{"start":{"line":229,"column":2},"end":{"line":301,"column":null}},"49":{"start":{"line":230,"column":20},"end":{"line":230,"column":null}},"50":{"start":{"line":233,"column":6},"end":{"line":262,"column":null}},"51":{"start":{"line":234,"column":25},"end":{"line":236,"column":null}},"52":{"start":{"line":237,"column":8},"end":{"line":239,"column":null}},"53":{"start":{"line":238,"column":10},"end":{"line":238,"column":null}},"54":{"start":{"line":241,"column":8},"end":{"line":251,"column":null}},"55":{"start":{"line":242,"column":24},"end":{"line":242,"column":null}},"56":{"start":{"line":243,"column":10},"end":{"line":245,"column":null}},"57":{"start":{"line":244,"column":12},"end":{"line":244,"column":null}},"58":{"start":{"line":247,"column":24},"end":{"line":247,"column":null}},"59":{"start":{"line":248,"column":10},"end":{"line":250,"column":null}},"60":{"start":{"line":249,"column":12},"end":{"line":249,"column":null}},"61":{"start":{"line":253,"column":8},"end":{"line":256,"column":null}},"62":{"start":{"line":254,"column":10},"end":{"line":254,"column":null}},"63":{"start":{"line":255,"column":10},"end":{"line":255,"column":null}},"64":{"start":{"line":258,"column":8},"end":{"line":261,"column":null}},"65":{"start":{"line":259,"column":10},"end":{"line":259,"column":null}},"66":{"start":{"line":260,"column":10},"end":{"line":260,"column":null}},"67":{"start":{"line":266,"column":6},"end":{"line":269,"column":null}},"68":{"start":{"line":267,"column":8},"end":{"line":267,"column":null}},"69":{"start":{"line":268,"column":8},"end":{"line":268,"column":null}},"70":{"start":{"line":273,"column":6},"end":{"line":273,"column":null}},"71":{"start":{"line":274,"column":6},"end":{"line":276,"column":null}},"72":{"start":{"line":275,"column":8},"end":{"line":275,"column":null}},"73":{"start":{"line":278,"column":6},"end":{"line":280,"column":null}},"74":{"start":{"line":279,"column":8},"end":{"line":279,"column":null}},"75":{"start":{"line":284,"column":6},"end":{"line":289,"column":null}},"76":{"start":{"line":285,"column":8},"end":{"line":285,"column":null}},"77":{"start":{"line":286,"column":8},"end":{"line":286,"column":null}},"78":{"start":{"line":288,"column":8},"end":{"line":288,"column":null}},"79":{"start":{"line":292,"column":4},"end":{"line":292,"column":null}},"80":{"start":{"line":293,"column":4},"end":{"line":293,"column":null}},"81":{"start":{"line":294,"column":4},"end":{"line":294,"column":null}},"82":{"start":{"line":296,"column":4},"end":{"line":300,"column":null}},"83":{"start":{"line":297,"column":6},"end":{"line":297,"column":null}},"84":{"start":{"line":298,"column":6},"end":{"line":298,"column":null}},"85":{"start":{"line":299,"column":6},"end":{"line":299,"column":null}},"86":{"start":{"line":303,"column":2},"end":{"line":305,"column":null}},"87":{"start":{"line":304,"column":4},"end":{"line":304,"column":null}},"88":{"start":{"line":307,"column":23},"end":{"line":307,"column":null}},"89":{"start":{"line":308,"column":22},"end":{"line":308,"column":null}},"90":{"start":{"line":309,"column":22},"end":{"line":309,"column":null}},"91":{"start":{"line":311,"column":16},"end":{"line":311,"column":null}},"92":{"start":{"line":312,"column":21},"end":{"line":312,"column":null}},"93":{"start":{"line":313,"column":20},"end":{"line":313,"column":null}},"94":{"start":{"line":315,"column":8},"end":{"line":315,"column":null}},"95":{"start":{"line":316,"column":8},"end":{"line":316,"column":null}},"96":{"start":{"line":319,"column":40},"end":{"line":321,"column":null}},"97":{"start":{"line":324,"column":4},"end":{"line":330,"column":null}},"98":{"start":{"line":325,"column":6},"end":{"line":325,"column":null}},"99":{"start":{"line":326,"column":6},"end":{"line":326,"column":null}},"100":{"start":{"line":327,"column":6},"end":{"line":327,"column":null}},"101":{"start":{"line":329,"column":6},"end":{"line":329,"column":null}},"102":{"start":{"line":334,"column":4},"end":{"line":348,"column":null}},"103":{"start":{"line":335,"column":6},"end":{"line":338,"column":null}},"104":{"start":{"line":336,"column":8},"end":{"line":336,"column":null}},"105":{"start":{"line":337,"column":8},"end":{"line":337,"column":null}},"106":{"start":{"line":340,"column":22},"end":{"line":340,"column":null}},"107":{"start":{"line":341,"column":6},"end":{"line":345,"column":null}},"108":{"start":{"line":347,"column":6},"end":{"line":347,"column":null}},"109":{"start":{"line":352,"column":4},"end":{"line":375,"column":null}},"110":{"start":{"line":353,"column":6},"end":{"line":356,"column":null}},"111":{"start":{"line":354,"column":8},"end":{"line":354,"column":null}},"112":{"start":{"line":355,"column":8},"end":{"line":355,"column":null}},"113":{"start":{"line":358,"column":6},"end":{"line":372,"column":null}},"114":{"start":{"line":359,"column":25},"end":{"line":359,"column":null}},"115":{"start":{"line":360,"column":8},"end":{"line":364,"column":null}},"116":{"start":{"line":366,"column":24},"end":{"line":366,"column":null}},"117":{"start":{"line":367,"column":8},"end":{"line":371,"column":null}},"118":{"start":{"line":374,"column":6},"end":{"line":374,"column":null}},"119":{"start":{"line":379,"column":4},"end":{"line":394,"column":null}},"120":{"start":{"line":380,"column":6},"end":{"line":383,"column":null}},"121":{"start":{"line":381,"column":8},"end":{"line":381,"column":null}},"122":{"start":{"line":382,"column":8},"end":{"line":382,"column":null}},"123":{"start":{"line":385,"column":22},"end":{"line":385,"column":null}},"124":{"start":{"line":386,"column":6},"end":{"line":391,"column":null}},"125":{"start":{"line":393,"column":6},"end":{"line":393,"column":null}},"126":{"start":{"line":398,"column":4},"end":{"line":411,"column":null}},"127":{"start":{"line":399,"column":6},"end":{"line":399,"column":null}},"128":{"start":{"line":400,"column":23},"end":{"line":402,"column":null}},"129":{"start":{"line":404,"column":6},"end":{"line":406,"column":null}},"130":{"start":{"line":405,"column":8},"end":{"line":405,"column":null}},"131":{"start":{"line":408,"column":6},"end":{"line":408,"column":null}},"132":{"start":{"line":410,"column":6},"end":{"line":410,"column":null}},"133":{"start":{"line":414,"column":2},"end":{"line":577,"column":null}},"134":{"start":{"line":465,"column":81},"end":{"line":465,"column":109}},"135":{"start":{"line":468,"column":81},"end":{"line":468,"column":108}},"136":{"start":{"line":498,"column":29},"end":{"line":498,"column":null}},"137":{"start":{"line":505,"column":29},"end":{"line":505,"column":null}},"138":{"start":{"line":549,"column":27},"end":{"line":549,"column":null}},"139":{"start":{"line":558,"column":29},"end":{"line":558,"column":null}},"140":{"start":{"line":558,"column":50},"end":{"line":558,"column":74}},"141":{"start":{"line":569,"column":29},"end":{"line":569,"column":null}},"142":{"start":{"line":569,"column":50},"end":{"line":569,"column":83}}},"fnMap":{"0":{"name":"judgmentClass","decl":{"start":{"line":33,"column":9},"end":{"line":33,"column":23}},"loc":{"start":{"line":33,"column":46},"end":{"line":39,"column":null}},"line":33},"1":{"name":"DartSections","decl":{"start":{"line":41,"column":9},"end":{"line":41,"column":22}},"loc":{"start":{"line":41,"column":212},"end":{"line":64,"column":null}},"line":41},"2":{"name":"(anonymous_2)","decl":{"start":{"line":46,"column":14},"end":{"line":46,"column":19}},"loc":{"start":{"line":46,"column":32},"end":{"line":61,"column":7}},"line":46},"3":{"name":"(anonymous_3)","decl":{"start":{"line":47,"column":35},"end":{"line":47,"column":43}},"loc":{"start":{"line":47,"column":52},"end":{"line":47,"column":78}},"line":47},"4":{"name":"DartTable","decl":{"start":{"line":66,"column":9},"end":{"line":66,"column":19}},"loc":{"start":{"line":66,"column":209},"end":{"line":124,"column":null}},"line":66},"5":{"name":"(anonymous_5)","decl":{"start":{"line":81,"column":17},"end":{"line":81,"column":22}},"loc":{"start":{"line":81,"column":31},"end":{"line":119,"column":11}},"line":81},"6":{"name":"(anonymous_6)","decl":{"start":{"line":89,"column":20},"end":{"line":89,"column":35}},"loc":{"start":{"line":89,"column":35},"end":{"line":89,"column":null}},"line":89},"7":{"name":"(anonymous_7)","decl":{"start":{"line":100,"column":20},"end":{"line":100,"column":35}},"loc":{"start":{"line":100,"column":35},"end":{"line":100,"column":null}},"line":100},"8":{"name":"SecSections","decl":{"start":{"line":126,"column":9},"end":{"line":126,"column":21}},"loc":{"start":{"line":126,"column":210},"end":{"line":149,"column":null}},"line":126},"9":{"name":"(anonymous_9)","decl":{"start":{"line":131,"column":14},"end":{"line":131,"column":19}},"loc":{"start":{"line":131,"column":33},"end":{"line":146,"column":7}},"line":131},"10":{"name":"(anonymous_10)","decl":{"start":{"line":132,"column":35},"end":{"line":132,"column":43}},"loc":{"start":{"line":132,"column":52},"end":{"line":132,"column":80}},"line":132},"11":{"name":"SecTable","decl":{"start":{"line":151,"column":9},"end":{"line":151,"column":18}},"loc":{"start":{"line":151,"column":207},"end":{"line":206,"column":null}},"line":151},"12":{"name":"(anonymous_12)","decl":{"start":{"line":166,"column":17},"end":{"line":166,"column":22}},"loc":{"start":{"line":166,"column":31},"end":{"line":201,"column":11}},"line":166},"13":{"name":"(anonymous_13)","decl":{"start":{"line":174,"column":20},"end":{"line":174,"column":35}},"loc":{"start":{"line":174,"column":35},"end":{"line":174,"column":null}},"line":174},"14":{"name":"(anonymous_14)","decl":{"start":{"line":186,"column":20},"end":{"line":186,"column":35}},"loc":{"start":{"line":186,"column":35},"end":{"line":186,"column":null}},"line":186},"15":{"name":"FeedPage","decl":{"start":{"line":208,"column":16},"end":{"line":208,"column":25}},"loc":{"start":{"line":208,"column":47},"end":{"line":579,"column":null}},"line":208},"16":{"name":"(anonymous_16)","decl":{"start":{"line":221,"column":2},"end":{"line":221,"column":18}},"loc":{"start":{"line":221,"column":18},"end":{"line":223,"column":5}},"line":221},"17":{"name":"(anonymous_17)","decl":{"start":{"line":225,"column":8},"end":{"line":225,"column":33}},"loc":{"start":{"line":225,"column":53},"end":{"line":227,"column":null}},"line":225},"18":{"name":"(anonymous_18)","decl":{"start":{"line":229,"column":2},"end":{"line":229,"column":18}},"loc":{"start":{"line":229,"column":18},"end":{"line":301,"column":5}},"line":229},"19":{"name":"loadFeed","decl":{"start":{"line":232,"column":19},"end":{"line":232,"column":30}},"loc":{"start":{"line":232,"column":30},"end":{"line":263,"column":null}},"line":232},"20":{"name":"stopPolling","decl":{"start":{"line":265,"column":13},"end":{"line":265,"column":27}},"loc":{"start":{"line":265,"column":27},"end":{"line":270,"column":null}},"line":265},"21":{"name":"startPolling","decl":{"start":{"line":272,"column":13},"end":{"line":272,"column":28}},"loc":{"start":{"line":272,"column":28},"end":{"line":281,"column":null}},"line":272},"22":{"name":"(anonymous_22)","decl":{"start":{"line":278,"column":35},"end":{"line":278,"column":53}},"loc":{"start":{"line":278,"column":53},"end":{"line":280,"column":9}},"line":278},"23":{"name":"handleVisibilityChange","decl":{"start":{"line":283,"column":13},"end":{"line":283,"column":38}},"loc":{"start":{"line":283,"column":38},"end":{"line":290,"column":null}},"line":283},"24":{"name":"(anonymous_24)","decl":{"start":{"line":296,"column":4},"end":{"line":296,"column":17}},"loc":{"start":{"line":296,"column":17},"end":{"line":300,"column":null}},"line":296},"25":{"name":"(anonymous_25)","decl":{"start":{"line":303,"column":2},"end":{"line":303,"column":18}},"loc":{"start":{"line":303,"column":18},"end":{"line":305,"column":5}},"line":303},"26":{"name":"handleEnablePush","decl":{"start":{"line":323,"column":17},"end":{"line":323,"column":36}},"loc":{"start":{"line":323,"column":36},"end":{"line":331,"column":null}},"line":323},"27":{"name":"handleToggleAll","decl":{"start":{"line":333,"column":17},"end":{"line":333,"column":35}},"loc":{"start":{"line":333,"column":35},"end":{"line":349,"column":null}},"line":333},"28":{"name":"handleToggleSource","decl":{"start":{"line":351,"column":17},"end":{"line":351,"column":36}},"loc":{"start":{"line":351,"column":60},"end":{"line":376,"column":null}},"line":351},"29":{"name":"handleToggleValidated","decl":{"start":{"line":378,"column":17},"end":{"line":378,"column":41}},"loc":{"start":{"line":378,"column":41},"end":{"line":395,"column":null}},"line":378},"30":{"name":"handleTestPush","decl":{"start":{"line":397,"column":17},"end":{"line":397,"column":34}},"loc":{"start":{"line":397,"column":34},"end":{"line":412,"column":null}},"line":397},"31":{"name":"(anonymous_31)","decl":{"start":{"line":465,"column":66},"end":{"line":465,"column":81}},"loc":{"start":{"line":465,"column":81},"end":{"line":465,"column":109}},"line":465},"32":{"name":"(anonymous_32)","decl":{"start":{"line":468,"column":66},"end":{"line":468,"column":81}},"loc":{"start":{"line":468,"column":81},"end":{"line":468,"column":108}},"line":468},"33":{"name":"(anonymous_33)","decl":{"start":{"line":498,"column":14},"end":{"line":498,"column":29}},"loc":{"start":{"line":498,"column":29},"end":{"line":498,"column":null}},"line":498},"34":{"name":"(anonymous_34)","decl":{"start":{"line":505,"column":14},"end":{"line":505,"column":29}},"loc":{"start":{"line":505,"column":29},"end":{"line":505,"column":null}},"line":505},"35":{"name":"(anonymous_35)","decl":{"start":{"line":549,"column":12},"end":{"line":549,"column":27}},"loc":{"start":{"line":549,"column":27},"end":{"line":549,"column":null}},"line":549},"36":{"name":"(anonymous_36)","decl":{"start":{"line":558,"column":14},"end":{"line":558,"column":29}},"loc":{"start":{"line":558,"column":29},"end":{"line":558,"column":null}},"line":558},"37":{"name":"(anonymous_37)","decl":{"start":{"line":558,"column":29},"end":{"line":558,"column":38}},"loc":{"start":{"line":558,"column":50},"end":{"line":558,"column":74}},"line":558},"38":{"name":"(anonymous_38)","decl":{"start":{"line":569,"column":14},"end":{"line":569,"column":29}},"loc":{"start":{"line":569,"column":29},"end":{"line":569,"column":null}},"line":569},"39":{"name":"(anonymous_39)","decl":{"start":{"line":569,"column":29},"end":{"line":569,"column":38}},"loc":{"start":{"line":569,"column":50},"end":{"line":569,"column":83}},"line":569}},"branchMap":{"0":{"loc":{"start":{"line":34,"column":2},"end":{"line":34,"column":null}},"type":"if","locations":[{"start":{"line":34,"column":2},"end":{"line":34,"column":null}},{"start":{},"end":{}}],"line":34},"1":{"loc":{"start":{"line":36,"column":2},"end":{"line":36,"column":null}},"type":"if","locations":[{"start":{"line":36,"column":2},"end":{"line":36,"column":null}},{"start":{},"end":{}}],"line":36},"2":{"loc":{"start":{"line":37,"column":2},"end":{"line":37,"column":null}},"type":"if","locations":[{"start":{"line":37,"column":2},"end":{"line":37,"column":null}},{"start":{},"end":{}}],"line":37},"3":{"loc":{"start":{"line":48,"column":8},"end":{"line":50,"column":null}},"type":"if","locations":[{"start":{"line":48,"column":8},"end":{"line":50,"column":null}},{"start":{},"end":{}}],"line":48},"4":{"loc":{"start":{"line":84,"column":45},"end":{"line":84,"column":null}},"type":"cond-expr","locations":[{"start":{"line":84,"column":57},"end":{"line":84,"column":79}},{"start":{"line":84,"column":79},"end":{"line":84,"column":null}}],"line":84},"5":{"loc":{"start":{"line":88,"column":55},"end":{"line":88,"column":null}},"type":"cond-expr","locations":[{"start":{"line":88,"column":67},"end":{"line":88,"column":87}},{"start":{"line":88,"column":87},"end":{"line":88,"column":null}}],"line":88},"6":{"loc":{"start":{"line":91,"column":21},"end":{"line":91,"column":null}},"type":"cond-expr","locations":[{"start":{"line":91,"column":33},"end":{"line":91,"column":39}},{"start":{"line":91,"column":39},"end":{"line":91,"column":null}}],"line":91},"7":{"loc":{"start":{"line":105,"column":19},"end":{"line":106,"column":null}},"type":"binary-expr","locations":[{"start":{"line":105,"column":19},"end":{"line":105,"column":32}},{"start":{"line":105,"column":32},"end":{"line":106,"column":null}}],"line":105},"8":{"loc":{"start":{"line":111,"column":19},"end":{"line":114,"column":null}},"type":"binary-expr","locations":[{"start":{"line":111,"column":19},"end":{"line":111,"column":null}},{"start":{"line":112,"column":20},"end":{"line":114,"column":null}}],"line":111},"9":{"loc":{"start":{"line":115,"column":21},"end":{"line":115,"column":57}},"type":"binary-expr","locations":[{"start":{"line":115,"column":21},"end":{"line":115,"column":49}},{"start":{"line":115,"column":49},"end":{"line":115,"column":57}}],"line":115},"10":{"loc":{"start":{"line":133,"column":8},"end":{"line":135,"column":null}},"type":"if","locations":[{"start":{"line":133,"column":8},"end":{"line":135,"column":null}},{"start":{},"end":{}}],"line":133},"11":{"loc":{"start":{"line":169,"column":63},"end":{"line":169,"column":null}},"type":"cond-expr","locations":[{"start":{"line":169,"column":75},"end":{"line":169,"column":97}},{"start":{"line":169,"column":97},"end":{"line":169,"column":null}}],"line":169},"12":{"loc":{"start":{"line":173,"column":55},"end":{"line":173,"column":null}},"type":"cond-expr","locations":[{"start":{"line":173,"column":67},"end":{"line":173,"column":87}},{"start":{"line":173,"column":87},"end":{"line":173,"column":null}}],"line":173},"13":{"loc":{"start":{"line":176,"column":21},"end":{"line":176,"column":null}},"type":"cond-expr","locations":[{"start":{"line":176,"column":33},"end":{"line":176,"column":39}},{"start":{"line":176,"column":39},"end":{"line":176,"column":null}}],"line":176},"14":{"loc":{"start":{"line":191,"column":19},"end":{"line":192,"column":null}},"type":"binary-expr","locations":[{"start":{"line":191,"column":19},"end":{"line":191,"column":32}},{"start":{"line":191,"column":32},"end":{"line":192,"column":null}}],"line":191},"15":{"loc":{"start":{"line":169,"column":23},"end":{"line":169,"column":52}},"type":"binary-expr","locations":[{"start":{"line":169,"column":23},"end":{"line":169,"column":41}},{"start":{"line":169,"column":41},"end":{"line":169,"column":52}}],"line":169},"16":{"loc":{"start":{"line":234,"column":37},"end":{"line":234,"column":87}},"type":"cond-expr","locations":[{"start":{"line":234,"column":61},"end":{"line":234,"column":75}},{"start":{"line":234,"column":75},"end":{"line":234,"column":87}}],"line":234},"17":{"loc":{"start":{"line":237,"column":8},"end":{"line":239,"column":null}},"type":"if","locations":[{"start":{"line":237,"column":8},"end":{"line":239,"column":null}},{"start":{},"end":{}}],"line":237},"18":{"loc":{"start":{"line":241,"column":8},"end":{"line":251,"column":null}},"type":"if","locations":[{"start":{"line":241,"column":8},"end":{"line":251,"column":null}},{"start":{"line":246,"column":15},"end":{"line":251,"column":null}}],"line":241},"19":{"loc":{"start":{"line":243,"column":10},"end":{"line":245,"column":null}},"type":"if","locations":[{"start":{"line":243,"column":10},"end":{"line":245,"column":null}},{"start":{},"end":{}}],"line":243},"20":{"loc":{"start":{"line":248,"column":10},"end":{"line":250,"column":null}},"type":"if","locations":[{"start":{"line":248,"column":10},"end":{"line":250,"column":null}},{"start":{},"end":{}}],"line":248},"21":{"loc":{"start":{"line":253,"column":8},"end":{"line":256,"column":null}},"type":"if","locations":[{"start":{"line":253,"column":8},"end":{"line":256,"column":null}},{"start":{},"end":{}}],"line":253},"22":{"loc":{"start":{"line":258,"column":8},"end":{"line":261,"column":null}},"type":"if","locations":[{"start":{"line":258,"column":8},"end":{"line":261,"column":null}},{"start":{},"end":{}}],"line":258},"23":{"loc":{"start":{"line":260,"column":19},"end":{"line":260,"column":76}},"type":"cond-expr","locations":[{"start":{"line":260,"column":42},"end":{"line":260,"column":56}},{"start":{"line":260,"column":56},"end":{"line":260,"column":76}}],"line":260},"24":{"loc":{"start":{"line":266,"column":6},"end":{"line":269,"column":null}},"type":"if","locations":[{"start":{"line":266,"column":6},"end":{"line":269,"column":null}},{"start":{},"end":{}}],"line":266},"25":{"loc":{"start":{"line":274,"column":6},"end":{"line":276,"column":null}},"type":"if","locations":[{"start":{"line":274,"column":6},"end":{"line":276,"column":null}},{"start":{},"end":{}}],"line":274},"26":{"loc":{"start":{"line":284,"column":6},"end":{"line":289,"column":null}},"type":"if","locations":[{"start":{"line":284,"column":6},"end":{"line":289,"column":null}},{"start":{"line":287,"column":13},"end":{"line":289,"column":null}}],"line":284},"27":{"loc":{"start":{"line":307,"column":23},"end":{"line":307,"column":null}},"type":"binary-expr","locations":[{"start":{"line":307,"column":23},"end":{"line":307,"column":42}},{"start":{"line":307,"column":42},"end":{"line":307,"column":null}}],"line":307},"28":{"loc":{"start":{"line":308,"column":22},"end":{"line":308,"column":null}},"type":"binary-expr","locations":[{"start":{"line":308,"column":22},"end":{"line":308,"column":40}},{"start":{"line":308,"column":40},"end":{"line":308,"column":null}}],"line":308},"29":{"loc":{"start":{"line":311,"column":16},"end":{"line":311,"column":null}},"type":"cond-expr","locations":[{"start":{"line":311,"column":40},"end":{"line":311,"column":62}},{"start":{"line":311,"column":62},"end":{"line":311,"column":null}}],"line":311},"30":{"loc":{"start":{"line":313,"column":20},"end":{"line":313,"column":null}},"type":"cond-expr","locations":[{"start":{"line":313,"column":44},"end":{"line":313,"column":66}},{"start":{"line":313,"column":66},"end":{"line":313,"column":null}}],"line":313},"31":{"loc":{"start":{"line":320,"column":4},"end":{"line":320,"column":null}},"type":"cond-expr","locations":[{"start":{"line":320,"column":28},"end":{"line":320,"column":43}},{"start":{"line":320,"column":43},"end":{"line":320,"column":null}}],"line":320},"32":{"loc":{"start":{"line":329,"column":15},"end":{"line":329,"column":63}},"type":"cond-expr","locations":[{"start":{"line":329,"column":38},"end":{"line":329,"column":52}},{"start":{"line":329,"column":52},"end":{"line":329,"column":63}}],"line":329},"33":{"loc":{"start":{"line":335,"column":6},"end":{"line":338,"column":null}},"type":"if","locations":[{"start":{"line":335,"column":6},"end":{"line":338,"column":null}},{"start":{},"end":{}}],"line":335},"34":{"loc":{"start":{"line":340,"column":24},"end":{"line":340,"column":null}},"type":"binary-expr","locations":[{"start":{"line":340,"column":24},"end":{"line":340,"column":46}},{"start":{"line":340,"column":46},"end":{"line":340,"column":null}}],"line":340},"35":{"loc":{"start":{"line":343,"column":21},"end":{"line":343,"column":null}},"type":"cond-expr","locations":[{"start":{"line":343,"column":32},"end":{"line":343,"column":66}},{"start":{"line":343,"column":66},"end":{"line":343,"column":null}}],"line":343},"36":{"loc":{"start":{"line":343,"column":32},"end":{"line":343,"column":66}},"type":"binary-expr","locations":[{"start":{"line":343,"column":32},"end":{"line":343,"column":58}},{"start":{"line":343,"column":58},"end":{"line":343,"column":66}}],"line":343},"37":{"loc":{"start":{"line":344,"column":20},"end":{"line":344,"column":null}},"type":"cond-expr","locations":[{"start":{"line":344,"column":31},"end":{"line":344,"column":64}},{"start":{"line":344,"column":64},"end":{"line":344,"column":null}}],"line":344},"38":{"loc":{"start":{"line":344,"column":31},"end":{"line":344,"column":64}},"type":"binary-expr","locations":[{"start":{"line":344,"column":31},"end":{"line":344,"column":56}},{"start":{"line":344,"column":56},"end":{"line":344,"column":64}}],"line":344},"39":{"loc":{"start":{"line":347,"column":15},"end":{"line":347,"column":65}},"type":"cond-expr","locations":[{"start":{"line":347,"column":38},"end":{"line":347,"column":52}},{"start":{"line":347,"column":52},"end":{"line":347,"column":65}}],"line":347},"40":{"loc":{"start":{"line":353,"column":6},"end":{"line":356,"column":null}},"type":"if","locations":[{"start":{"line":353,"column":6},"end":{"line":356,"column":null}},{"start":{},"end":{}}],"line":353},"41":{"loc":{"start":{"line":358,"column":6},"end":{"line":372,"column":null}},"type":"if","locations":[{"start":{"line":358,"column":6},"end":{"line":372,"column":null}},{"start":{"line":365,"column":13},"end":{"line":372,"column":null}}],"line":358},"42":{"loc":{"start":{"line":359,"column":27},"end":{"line":359,"column":null}},"type":"binary-expr","locations":[{"start":{"line":359,"column":27},"end":{"line":359,"column":53}},{"start":{"line":359,"column":53},"end":{"line":359,"column":null}}],"line":359},"43":{"loc":{"start":{"line":363,"column":22},"end":{"line":363,"column":null}},"type":"binary-expr","locations":[{"start":{"line":363,"column":22},"end":{"line":363,"column":47}},{"start":{"line":363,"column":47},"end":{"line":363,"column":null}}],"line":363},"44":{"loc":{"start":{"line":366,"column":26},"end":{"line":366,"column":null}},"type":"binary-expr","locations":[{"start":{"line":366,"column":26},"end":{"line":366,"column":51}},{"start":{"line":366,"column":51},"end":{"line":366,"column":null}}],"line":366},"45":{"loc":{"start":{"line":369,"column":23},"end":{"line":369,"column":null}},"type":"binary-expr","locations":[{"start":{"line":369,"column":23},"end":{"line":369,"column":49}},{"start":{"line":369,"column":49},"end":{"line":369,"column":null}}],"line":369},"46":{"loc":{"start":{"line":374,"column":15},"end":{"line":374,"column":65}},"type":"cond-expr","locations":[{"start":{"line":374,"column":38},"end":{"line":374,"column":52}},{"start":{"line":374,"column":52},"end":{"line":374,"column":65}}],"line":374},"47":{"loc":{"start":{"line":380,"column":6},"end":{"line":383,"column":null}},"type":"if","locations":[{"start":{"line":380,"column":6},"end":{"line":383,"column":null}},{"start":{},"end":{}}],"line":380},"48":{"loc":{"start":{"line":385,"column":24},"end":{"line":385,"column":null}},"type":"binary-expr","locations":[{"start":{"line":385,"column":24},"end":{"line":385,"column":52}},{"start":{"line":385,"column":52},"end":{"line":385,"column":null}}],"line":385},"49":{"loc":{"start":{"line":388,"column":21},"end":{"line":388,"column":null}},"type":"binary-expr","locations":[{"start":{"line":388,"column":21},"end":{"line":388,"column":47}},{"start":{"line":388,"column":47},"end":{"line":388,"column":null}}],"line":388},"50":{"loc":{"start":{"line":389,"column":20},"end":{"line":389,"column":null}},"type":"binary-expr","locations":[{"start":{"line":389,"column":20},"end":{"line":389,"column":45}},{"start":{"line":389,"column":45},"end":{"line":389,"column":null}}],"line":389},"51":{"loc":{"start":{"line":393,"column":15},"end":{"line":393,"column":65}},"type":"cond-expr","locations":[{"start":{"line":393,"column":38},"end":{"line":393,"column":52}},{"start":{"line":393,"column":52},"end":{"line":393,"column":65}}],"line":393},"52":{"loc":{"start":{"line":404,"column":6},"end":{"line":406,"column":null}},"type":"if","locations":[{"start":{"line":404,"column":6},"end":{"line":406,"column":null}},{"start":{},"end":{}}],"line":404},"53":{"loc":{"start":{"line":408,"column":15},"end":{"line":408,"column":66}},"type":"cond-expr","locations":[{"start":{"line":408,"column":38},"end":{"line":408,"column":52}},{"start":{"line":408,"column":52},"end":{"line":408,"column":66}}],"line":408},"54":{"loc":{"start":{"line":420,"column":40},"end":{"line":420,"column":104}},"type":"cond-expr","locations":[{"start":{"line":420,"column":64},"end":{"line":420,"column":86}},{"start":{"line":420,"column":86},"end":{"line":420,"column":104}}],"line":420},"55":{"loc":{"start":{"line":426,"column":30},"end":{"line":426,"column":83}},"type":"cond-expr","locations":[{"start":{"line":426,"column":54},"end":{"line":426,"column":69}},{"start":{"line":426,"column":69},"end":{"line":426,"column":83}}],"line":426},"56":{"loc":{"start":{"line":431,"column":19},"end":{"line":431,"column":55}},"type":"cond-expr","locations":[{"start":{"line":431,"column":29},"end":{"line":431,"column":40}},{"start":{"line":431,"column":40},"end":{"line":431,"column":55}}],"line":431},"57":{"loc":{"start":{"line":435,"column":23},"end":{"line":435,"column":69}},"type":"cond-expr","locations":[{"start":{"line":435,"column":23},"end":{"line":435,"column":59}},{"start":{"line":435,"column":59},"end":{"line":435,"column":69}}],"line":435},"58":{"loc":{"start":{"line":437,"column":26},"end":{"line":437,"column":68}},"type":"cond-expr","locations":[{"start":{"line":437,"column":50},"end":{"line":437,"column":56}},{"start":{"line":437,"column":56},"end":{"line":437,"column":68}}],"line":437},"59":{"loc":{"start":{"line":438,"column":23},"end":{"line":438,"column":59}},"type":"binary-expr","locations":[{"start":{"line":438,"column":23},"end":{"line":438,"column":49}},{"start":{"line":438,"column":49},"end":{"line":438,"column":59}}],"line":438},"60":{"loc":{"start":{"line":439,"column":32},"end":{"line":439,"column":83}},"type":"cond-expr","locations":[{"start":{"line":439,"column":65},"end":{"line":439,"column":71}},{"start":{"line":439,"column":71},"end":{"line":439,"column":83}}],"line":439},"61":{"loc":{"start":{"line":440,"column":32},"end":{"line":440,"column":83}},"type":"cond-expr","locations":[{"start":{"line":440,"column":65},"end":{"line":440,"column":71}},{"start":{"line":440,"column":71},"end":{"line":440,"column":83}}],"line":440},"62":{"loc":{"start":{"line":441,"column":26},"end":{"line":441,"column":76}},"type":"cond-expr","locations":[{"start":{"line":441,"column":58},"end":{"line":441,"column":65}},{"start":{"line":441,"column":65},"end":{"line":441,"column":76}}],"line":441},"63":{"loc":{"start":{"line":442,"column":28},"end":{"line":442,"column":82}},"type":"cond-expr","locations":[{"start":{"line":442,"column":64},"end":{"line":442,"column":71}},{"start":{"line":442,"column":71},"end":{"line":442,"column":82}}],"line":442},"64":{"loc":{"start":{"line":443,"column":27},"end":{"line":443,"column":80}},"type":"cond-expr","locations":[{"start":{"line":443,"column":62},"end":{"line":443,"column":69}},{"start":{"line":443,"column":69},"end":{"line":443,"column":80}}],"line":443},"65":{"loc":{"start":{"line":444,"column":29},"end":{"line":444,"column":87}},"type":"cond-expr","locations":[{"start":{"line":444,"column":66},"end":{"line":444,"column":76}},{"start":{"line":444,"column":76},"end":{"line":444,"column":87}}],"line":444},"66":{"loc":{"start":{"line":445,"column":29},"end":{"line":445,"column":63}},"type":"binary-expr","locations":[{"start":{"line":445,"column":29},"end":{"line":445,"column":55}},{"start":{"line":445,"column":55},"end":{"line":445,"column":63}}],"line":445},"67":{"loc":{"start":{"line":446,"column":29},"end":{"line":446,"column":98}},"type":"cond-expr","locations":[{"start":{"line":446,"column":41},"end":{"line":446,"column":88}},{"start":{"line":446,"column":88},"end":{"line":446,"column":98}}],"line":446},"68":{"loc":{"start":{"line":447,"column":34},"end":{"line":447,"column":75}},"type":"binary-expr","locations":[{"start":{"line":447,"column":34},"end":{"line":447,"column":65}},{"start":{"line":447,"column":65},"end":{"line":447,"column":75}}],"line":447},"69":{"loc":{"start":{"line":448,"column":29},"end":{"line":448,"column":70}},"type":"cond-expr","locations":[{"start":{"line":448,"column":52},"end":{"line":448,"column":59}},{"start":{"line":448,"column":59},"end":{"line":448,"column":70}}],"line":448},"70":{"loc":{"start":{"line":449,"column":13},"end":{"line":449,"column":null}},"type":"cond-expr","locations":[{"start":{"line":449,"column":33},"end":{"line":449,"column":null}},{"start":{"line":449,"column":71},"end":{"line":449,"column":null}}],"line":449},"71":{"loc":{"start":{"line":456,"column":22},"end":{"line":456,"column":null}},"type":"binary-expr","locations":[{"start":{"line":456,"column":22},"end":{"line":456,"column":34}},{"start":{"line":456,"column":34},"end":{"line":456,"column":null}}],"line":456},"72":{"loc":{"start":{"line":458,"column":13},"end":{"line":458,"column":null}},"type":"cond-expr","locations":[{"start":{"line":458,"column":24},"end":{"line":458,"column":39}},{"start":{"line":458,"column":39},"end":{"line":458,"column":null}}],"line":458},"73":{"loc":{"start":{"line":463,"column":15},"end":{"line":463,"column":null}},"type":"cond-expr","locations":[{"start":{"line":463,"column":47},"end":{"line":463,"column":60}},{"start":{"line":463,"column":60},"end":{"line":463,"column":null}}],"line":463},"74":{"loc":{"start":{"line":466,"column":15},"end":{"line":466,"column":null}},"type":"cond-expr","locations":[{"start":{"line":466,"column":51},"end":{"line":466,"column":66}},{"start":{"line":466,"column":66},"end":{"line":466,"column":null}}],"line":466},"75":{"loc":{"start":{"line":469,"column":15},"end":{"line":469,"column":null}},"type":"cond-expr","locations":[{"start":{"line":469,"column":50},"end":{"line":469,"column":64}},{"start":{"line":469,"column":64},"end":{"line":469,"column":null}}],"line":469},"76":{"loc":{"start":{"line":472,"column":15},"end":{"line":472,"column":null}},"type":"cond-expr","locations":[{"start":{"line":472,"column":52},"end":{"line":472,"column":65}},{"start":{"line":472,"column":65},"end":{"line":472,"column":null}}],"line":472},"77":{"loc":{"start":{"line":477,"column":13},"end":{"line":477,"column":null}},"type":"cond-expr","locations":[{"start":{"line":477,"column":27},"end":{"line":477,"column":38}},{"start":{"line":477,"column":38},"end":{"line":477,"column":null}}],"line":477},"78":{"loc":{"start":{"line":481,"column":9},"end":{"line":485,"column":null}},"type":"binary-expr","locations":[{"start":{"line":481,"column":9},"end":{"line":481,"column":null}},{"start":{"line":482,"column":10},"end":{"line":485,"column":null}}],"line":481},"79":{"loc":{"start":{"line":489,"column":7},"end":{"line":489,"column":null}},"type":"cond-expr","locations":[{"start":{"line":489,"column":15},"end":{"line":489,"column":null}},{"start":{"line":489,"column":61},"end":{"line":489,"column":null}}],"line":489},"80":{"loc":{"start":{"line":497,"column":25},"end":{"line":497,"column":null}},"type":"cond-expr","locations":[{"start":{"line":497,"column":49},"end":{"line":497,"column":72}},{"start":{"line":497,"column":72},"end":{"line":497,"column":null}}],"line":497},"81":{"loc":{"start":{"line":504,"column":25},"end":{"line":504,"column":null}},"type":"cond-expr","locations":[{"start":{"line":504,"column":50},"end":{"line":504,"column":73}},{"start":{"line":504,"column":73},"end":{"line":504,"column":null}}],"line":504},"82":{"loc":{"start":{"line":511,"column":9},"end":{"line":541,"column":null}},"type":"cond-expr","locations":[{"start":{"line":512,"column":10},"end":{"line":528,"column":23}},{"start":{"line":528,"column":10},"end":{"line":541,"column":null}}],"line":511},"83":{"loc":{"start":{"line":512,"column":10},"end":{"line":528,"column":23}},"type":"cond-expr","locations":[{"start":{"line":513,"column":12},"end":{"line":520,"column":13}},{"start":{"line":520,"column":12},"end":{"line":528,"column":23}}],"line":512},"84":{"loc":{"start":{"line":528,"column":10},"end":{"line":541,"column":null}},"type":"cond-expr","locations":[{"start":{"line":529,"column":12},"end":{"line":536,"column":13}},{"start":{"line":536,"column":12},"end":{"line":541,"column":null}}],"line":528},"85":{"loc":{"start":{"line":545,"column":9},"end":{"line":550,"column":null}},"type":"binary-expr","locations":[{"start":{"line":545,"column":9},"end":{"line":545,"column":null}},{"start":{"line":546,"column":10},"end":{"line":550,"column":null}}],"line":545},"86":{"loc":{"start":{"line":548,"column":19},"end":{"line":548,"column":null}},"type":"cond-expr","locations":[{"start":{"line":548,"column":43},"end":{"line":548,"column":58}},{"start":{"line":548,"column":58},"end":{"line":548,"column":null}}],"line":548},"87":{"loc":{"start":{"line":553,"column":9},"end":{"line":575,"column":null}},"type":"cond-expr","locations":[{"start":{"line":554,"column":10},"end":{"line":575,"column":null}},{"start":{"line":575,"column":12},"end":{"line":575,"column":null}}],"line":553}},"s":{"0":1,"1":0,"2":0,"3":0,"4":0,"5":0,"6":0,"7":0,"8":0,"9":0,"10":0,"11":0,"12":0,"13":0,"14":0,"15":0,"16":3,"17":0,"18":0,"19":0,"20":0,"21":0,"22":0,"23":0,"24":0,"25":0,"26":0,"27":0,"28":0,"29":0,"30":0,"31":0,"32":0,"33":3,"34":3,"35":3,"36":3,"37":3,"38":3,"39":3,"40":3,"41":3,"42":3,"43":3,"44":3,"45":1,"46":3,"47":0,"48":3,"49":1,"50":1,"51":1,"52":1,"53":0,"54":1,"55":1,"56":1,"57":1,"58":0,"59":0,"60":0,"61":1,"62":1,"63":1,"64":0,"65":0,"66":0,"67":2,"68":1,"69":1,"70":1,"71":1,"72":0,"73":1,"74":0,"75":0,"76":0,"77":0,"78":0,"79":1,"80":1,"81":1,"82":1,"83":1,"84":1,"85":1,"86":3,"87":1,"88":3,"89":3,"90":3,"91":3,"92":3,"93":3,"94":3,"95":3,"96":3,"97":0,"98":0,"99":0,"100":0,"101":0,"102":0,"103":0,"104":0,"105":0,"106":0,"107":0,"108":0,"109":0,"110":0,"111":0,"112":0,"113":0,"114":0,"115":0,"116":0,"117":0,"118":0,"119":0,"120":0,"121":0,"122":0,"123":0,"124":0,"125":0,"126":0,"127":0,"128":0,"129":0,"130":0,"131":0,"132":0,"133":3,"134":0,"135":0,"136":0,"137":0,"138":0,"139":0,"140":0,"141":0,"142":0},"f":{"0":0,"1":0,"2":0,"3":0,"4":3,"5":0,"6":0,"7":0,"8":0,"9":0,"10":0,"11":0,"12":0,"13":0,"14":0,"15":3,"16":1,"17":0,"18":1,"19":1,"20":2,"21":1,"22":0,"23":0,"24":1,"25":1,"26":0,"27":0,"28":0,"29":0,"30":0,"31":0,"32":0,"33":0,"34":0,"35":0,"36":0,"37":0,"38":0,"39":0},"b":{"0":[0,0],"1":[0,0],"2":[0,0],"3":[0,0],"4":[0,0],"5":[0,0],"6":[0,0],"7":[0,0],"8":[0,0],"9":[0,0],"10":[0,0],"11":[0,0],"12":[0,0],"13":[0,0],"14":[0,0],"15":[0,0],"16":[1,0],"17":[0,1],"18":[1,0],"19":[1,0],"20":[0,0],"21":[1,0],"22":[0,0],"23":[0,0],"24":[1,1],"25":[0,1],"26":[0,0],"27":[3,2],"28":[3,3],"29":[3,0],"30":[3,0],"31":[3,0],"32":[0,0],"33":[0,0],"34":[0,0],"35":[0,0],"36":[0,0],"37":[0,0],"38":[0,0],"39":[0,0],"40":[0,0],"41":[0,0],"42":[0,0],"43":[0,0],"44":[0,0],"45":[0,0],"46":[0,0],"47":[0,0],"48":[0,0],"49":[0,0],"50":[0,0],"51":[0,0],"52":[0,0],"53":[0,0],"54":[3,0],"55":[3,0],"56":[2,1],"57":[0,3],"58":[0,3],"59":[3,2],"60":[0,3],"61":[0,3],"62":[0,3],"63":[0,3],"64":[0,3],"65":[0,3],"66":[3,3],"67":[0,3],"68":[3,3],"69":[0,3],"70":[0,3],"71":[3,3],"72":[0,3],"73":[0,3],"74":[0,3],"75":[0,3],"76":[0,3],"77":[0,3],"78":[3,3],"79":[0,3],"80":[3,0],"81":[0,3],"82":[3,0],"83":[0,3],"84":[0,0],"85":[3,0],"86":[0,0],"87":[0,3]},"meta":{"lastBranch":88,"lastFunction":40,"lastStatement":143,"seen":{"s:1:0:1:Infinity":0,"f:33:9:33:23":0,"b:34:2:34:Infinity:undefined:undefined:undefined:undefined":0,"s:34:2:34:Infinity":1,"s:34:24:34:Infinity":2,"s:35:8:35:Infinity":3,"b:36:2:36:Infinity:undefined:undefined:undefined:undefined":1,"s:36:2:36:Infinity":4,"s:36:25:36:Infinity":5,"b:37:2:37:Infinity:undefined:undefined:undefined:undefined":2,"s:37:2:37:Infinity":6,"s:37:25:37:Infinity":7,"s:38:2:38:Infinity":8,"f:41:9:41:22":1,"s:42:33:42:Infinity":9,"s:44:2:62:Infinity":10,"f:46:14:46:19":2,"s:47:29:47:Infinity":11,"f:47:35:47:43":3,"s:47:52:47:78":12,"b:48:8:50:Infinity:undefined:undefined:undefined:undefined":3,"s:48:8:50:Infinity":13,"s:49:10:49:Infinity":14,"s:52:8:59:Infinity":15,"f:66:9:66:19":4,"s:67:2:122:Infinity":16,"f:81:17:81:22":5,"s:82:30:82:Infinity":17,"s:83:12:117:Infinity":18,"b:84:57:84:79:84:79:84:Infinity":4,"b:88:67:88:87:88:87:88:Infinity":5,"f:89:20:89:35":6,"s:89:35:89:Infinity":19,"b:91:33:91:39:91:39:91:Infinity":6,"f:100:20:100:35":7,"s:100:35:100:Infinity":20,"b:105:19:105:32:105:32:106:Infinity":7,"b:111:19:111:Infinity:112:20:114:Infinity":8,"b:115:21:115:49:115:49:115:57":9,"f:126:9:126:21":8,"s:127:33:127:Infinity":21,"s:129:2:147:Infinity":22,"f:131:14:131:19":9,"s:132:29:132:Infinity":23,"f:132:35:132:43":10,"s:132:52:132:80":24,"b:133:8:135:Infinity:undefined:undefined:undefined:undefined":10,"s:133:8:135:Infinity":25,"s:134:10:134:Infinity":26,"s:137:8:144:Infinity":27,"f:151:9:151:18":11,"s:152:2:204:Infinity":28,"f:166:17:166:22":12,"s:167:30:167:Infinity":29,"s:168:12:199:Infinity":30,"b:169:75:169:97:169:97:169:Infinity":11,"b:173:67:173:87:173:87:173:Infinity":12,"f:174:20:174:35":13,"s:174:35:174:Infinity":31,"b:176:33:176:39:176:39:176:Infinity":13,"f:186:20:186:35":14,"s:186:35:186:Infinity":32,"b:191:19:191:32:191:32:192:Infinity":14,"b:169:23:169:41:169:41:169:52":15,"f:208:16:208:25":15,"s:209:18:209:Infinity":33,"s:210:16:210:Infinity":34,"s:211:19:211:Infinity":35,"s:212:18:212:Infinity":36,"s:213:19:213:Infinity":37,"s:214:15:214:Infinity":38,"s:215:22:215:Infinity":39,"s:216:20:216:Infinity":40,"s:217:26:217:Infinity":41,"s:218:8:218:Infinity":42,"s:219:86:219:Infinity":43,"s:221:2:223:Infinity":44,"f:221:2:221:18":16,"s:222:4:222:Infinity":45,"s:225:8:227:Infinity":46,"f:225:8:225:33":17,"s:226:4:226:Infinity":47,"s:229:2:301:Infinity":48,"f:229:2:229:18":18,"s:230:20:230:Infinity":49,"f:232:19:232:30":19,"s:233:6:262:Infinity":50,"s:234:25:236:Infinity":51,"b:234:61:234:75:234:75:234:87":16,"b:237:8:239:Infinity:undefined:undefined:undefined:undefined":17,"s:237:8:239:Infinity":52,"s:238:10:238:Infinity":53,"b:241:8:251:Infinity:246:15:251:Infinity":18,"s:241:8:251:Infinity":54,"s:242:24:242:Infinity":55,"b:243:10:245:Infinity:undefined:undefined:undefined:undefined":19,"s:243:10:245:Infinity":56,"s:244:12:244:Infinity":57,"s:247:24:247:Infinity":58,"b:248:10:250:Infinity:undefined:undefined:undefined:undefined":20,"s:248:10:250:Infinity":59,"s:249:12:249:Infinity":60,"b:253:8:256:Infinity:undefined:undefined:undefined:undefined":21,"s:253:8:256:Infinity":61,"s:254:10:254:Infinity":62,"s:255:10:255:Infinity":63,"b:258:8:261:Infinity:undefined:undefined:undefined:undefined":22,"s:258:8:261:Infinity":64,"s:259:10:259:Infinity":65,"s:260:10:260:Infinity":66,"b:260:42:260:56:260:56:260:76":23,"f:265:13:265:27":20,"b:266:6:269:Infinity:undefined:undefined:undefined:undefined":24,"s:266:6:269:Infinity":67,"s:267:8:267:Infinity":68,"s:268:8:268:Infinity":69,"f:272:13:272:28":21,"s:273:6:273:Infinity":70,"b:274:6:276:Infinity:undefined:undefined:undefined:undefined":25,"s:274:6:276:Infinity":71,"s:275:8:275:Infinity":72,"s:278:6:280:Infinity":73,"f:278:35:278:53":22,"s:279:8:279:Infinity":74,"f:283:13:283:38":23,"b:284:6:289:Infinity:287:13:289:Infinity":26,"s:284:6:289:Infinity":75,"s:285:8:285:Infinity":76,"s:286:8:286:Infinity":77,"s:288:8:288:Infinity":78,"s:292:4:292:Infinity":79,"s:293:4:293:Infinity":80,"s:294:4:294:Infinity":81,"s:296:4:300:Infinity":82,"f:296:4:296:17":24,"s:297:6:297:Infinity":83,"s:298:6:298:Infinity":84,"s:299:6:299:Infinity":85,"s:303:2:305:Infinity":86,"f:303:2:303:18":25,"s:304:4:304:Infinity":87,"s:307:23:307:Infinity":88,"b:307:23:307:42:307:42:307:Infinity":27,"s:308:22:308:Infinity":89,"b:308:22:308:40:308:40:308:Infinity":28,"s:309:22:309:Infinity":90,"s:311:16:311:Infinity":91,"b:311:40:311:62:311:62:311:Infinity":29,"s:312:21:312:Infinity":92,"s:313:20:313:Infinity":93,"b:313:44:313:66:313:66:313:Infinity":30,"s:315:8:315:Infinity":94,"s:316:8:316:Infinity":95,"s:319:40:321:Infinity":96,"b:320:28:320:43:320:43:320:Infinity":31,"f:323:17:323:36":26,"s:324:4:330:Infinity":97,"s:325:6:325:Infinity":98,"s:326:6:326:Infinity":99,"s:327:6:327:Infinity":100,"s:329:6:329:Infinity":101,"b:329:38:329:52:329:52:329:63":32,"f:333:17:333:35":27,"s:334:4:348:Infinity":102,"b:335:6:338:Infinity:undefined:undefined:undefined:undefined":33,"s:335:6:338:Infinity":103,"s:336:8:336:Infinity":104,"s:337:8:337:Infinity":105,"s:340:22:340:Infinity":106,"b:340:24:340:46:340:46:340:Infinity":34,"s:341:6:345:Infinity":107,"b:343:32:343:66:343:66:343:Infinity":35,"b:343:32:343:58:343:58:343:66":36,"b:344:31:344:64:344:64:344:Infinity":37,"b:344:31:344:56:344:56:344:64":38,"s:347:6:347:Infinity":108,"b:347:38:347:52:347:52:347:65":39,"f:351:17:351:36":28,"s:352:4:375:Infinity":109,"b:353:6:356:Infinity:undefined:undefined:undefined:undefined":40,"s:353:6:356:Infinity":110,"s:354:8:354:Infinity":111,"s:355:8:355:Infinity":112,"b:358:6:372:Infinity:365:13:372:Infinity":41,"s:358:6:372:Infinity":113,"s:359:25:359:Infinity":114,"b:359:27:359:53:359:53:359:Infinity":42,"s:360:8:364:Infinity":115,"b:363:22:363:47:363:47:363:Infinity":43,"s:366:24:366:Infinity":116,"b:366:26:366:51:366:51:366:Infinity":44,"s:367:8:371:Infinity":117,"b:369:23:369:49:369:49:369:Infinity":45,"s:374:6:374:Infinity":118,"b:374:38:374:52:374:52:374:65":46,"f:378:17:378:41":29,"s:379:4:394:Infinity":119,"b:380:6:383:Infinity:undefined:undefined:undefined:undefined":47,"s:380:6:383:Infinity":120,"s:381:8:381:Infinity":121,"s:382:8:382:Infinity":122,"s:385:22:385:Infinity":123,"b:385:24:385:52:385:52:385:Infinity":48,"s:386:6:391:Infinity":124,"b:388:21:388:47:388:47:388:Infinity":49,"b:389:20:389:45:389:45:389:Infinity":50,"s:393:6:393:Infinity":125,"b:393:38:393:52:393:52:393:65":51,"f:397:17:397:34":30,"s:398:4:411:Infinity":126,"s:399:6:399:Infinity":127,"s:400:23:402:Infinity":128,"b:404:6:406:Infinity:undefined:undefined:undefined:undefined":52,"s:404:6:406:Infinity":129,"s:405:8:405:Infinity":130,"s:408:6:408:Infinity":131,"b:408:38:408:52:408:52:408:66":53,"s:410:6:410:Infinity":132,"s:414:2:577:Infinity":133,"b:420:64:420:86:420:86:420:104":54,"b:426:54:426:69:426:69:426:83":55,"b:431:29:431:40:431:40:431:55":56,"b:435:23:435:59:435:59:435:69":57,"b:437:50:437:56:437:56:437:68":58,"b:438:23:438:49:438:49:438:59":59,"b:439:65:439:71:439:71:439:83":60,"b:440:65:440:71:440:71:440:83":61,"b:441:58:441:65:441:65:441:76":62,"b:442:64:442:71:442:71:442:82":63,"b:443:62:443:69:443:69:443:80":64,"b:444:66:444:76:444:76:444:87":65,"b:445:29:445:55:445:55:445:63":66,"b:446:41:446:88:446:88:446:98":67,"b:447:34:447:65:447:65:447:75":68,"b:448:52:448:59:448:59:448:70":69,"b:449:33:449:Infinity:449:71:449:Infinity":70,"b:456:22:456:34:456:34:456:Infinity":71,"b:458:24:458:39:458:39:458:Infinity":72,"b:463:47:463:60:463:60:463:Infinity":73,"f:465:66:465:81":31,"s:465:81:465:109":134,"b:466:51:466:66:466:66:466:Infinity":74,"f:468:66:468:81":32,"s:468:81:468:108":135,"b:469:50:469:64:469:64:469:Infinity":75,"b:472:52:472:65:472:65:472:Infinity":76,"b:477:27:477:38:477:38:477:Infinity":77,"b:481:9:481:Infinity:482:10:485:Infinity":78,"b:489:15:489:Infinity:489:61:489:Infinity":79,"b:497:49:497:72:497:72:497:Infinity":80,"f:498:14:498:29":33,"s:498:29:498:Infinity":136,"b:504:50:504:73:504:73:504:Infinity":81,"f:505:14:505:29":34,"s:505:29:505:Infinity":137,"b:512:10:528:23:528:10:541:Infinity":82,"b:513:12:520:13:520:12:528:23":83,"b:529:12:536:13:536:12:541:Infinity":84,"b:545:9:545:Infinity:546:10:550:Infinity":85,"b:548:43:548:58:548:58:548:Infinity":86,"f:549:12:549:27":35,"s:549:27:549:Infinity":138,"b:554:10:575:Infinity:575:12:575:Infinity":87,"f:558:14:558:29":36,"s:558:29:558:Infinity":139,"f:558:29:558:38":37,"s:558:50:558:74":140,"f:569:14:569:29":38,"s:569:29:569:Infinity":141,"f:569:29:569:38":39,"s:569:50:569:83":142}}}
,"C:\\Users\\dldbs\\Desktop\\RSS\\components\\keyword-manager.module.css": {"path":"C:\\Users\\dldbs\\Desktop\\RSS\\components\\keyword-manager.module.css","statementMap":{},"fnMap":{},"branchMap":{},"s":{},"f":{},"b":{},"meta":{"lastBranch":0,"lastFunction":0,"lastStatement":0,"seen":{}}}
,"C:\\Users\\dldbs\\Desktop\\RSS\\components\\keyword-manager.tsx": {"path":"C:\\Users\\dldbs\\Desktop\\RSS\\components\\keyword-manager.tsx","statementMap":{"0":{"start":{"line":1,"column":0},"end":{"line":1,"column":null}},"1":{"start":{"line":12,"column":19},"end":{"line":12,"column":null}},"2":{"start":{"line":13,"column":21},"end":{"line":13,"column":null}},"3":{"start":{"line":15,"column":2},"end":{"line":19,"column":null}},"4":{"start":{"line":16,"column":10},"end":{"line":16,"column":null}},"5":{"start":{"line":17,"column":4},"end":{"line":17,"column":null}},"6":{"start":{"line":18,"column":4},"end":{"line":18,"column":null}},"7":{"start":{"line":21,"column":8},"end":{"line":35,"column":null}},"8":{"start":{"line":22,"column":4},"end":{"line":22,"column":null}},"9":{"start":{"line":23,"column":4},"end":{"line":23,"column":null}},"10":{"start":{"line":23,"column":28},"end":{"line":23,"column":null}},"11":{"start":{"line":26,"column":4},"end":{"line":29,"column":null}},"12":{"start":{"line":27,"column":6},"end":{"line":27,"column":null}},"13":{"start":{"line":28,"column":6},"end":{"line":28,"column":null}},"14":{"start":{"line":31,"column":10},"end":{"line":31,"column":null}},"15":{"start":{"line":32,"column":4},"end":{"line":32,"column":null}},"16":{"start":{"line":33,"column":4},"end":{"line":33,"column":null}},"17":{"start":{"line":34,"column":4},"end":{"line":34,"column":null}},"18":{"start":{"line":37,"column":8},"end":{"line":41,"column":null}},"19":{"start":{"line":38,"column":10},"end":{"line":38,"column":null}},"20":{"start":{"line":39,"column":4},"end":{"line":39,"column":null}},"21":{"start":{"line":40,"column":4},"end":{"line":40,"column":null}},"22":{"start":{"line":43,"column":2},"end":{"line":80,"column":null}},"23":{"start":{"line":54,"column":27},"end":{"line":54,"column":null}},"24":{"start":{"line":66,"column":12},"end":{"line":76,"column":null}},"25":{"start":{"line":70,"column":31},"end":{"line":70,"column":null}}},"fnMap":{"0":{"name":"KeywordManager","decl":{"start":{"line":11,"column":16},"end":{"line":11,"column":31}},"loc":{"start":{"line":11,"column":74},"end":{"line":82,"column":null}},"line":11},"1":{"name":"(anonymous_1)","decl":{"start":{"line":15,"column":2},"end":{"line":15,"column":18}},"loc":{"start":{"line":15,"column":18},"end":{"line":19,"column":5}},"line":15},"2":{"name":"(anonymous_2)","decl":{"start":{"line":21,"column":8},"end":{"line":21,"column":21}},"loc":{"start":{"line":21,"column":44},"end":{"line":35,"column":null}},"line":21},"3":{"name":"(anonymous_3)","decl":{"start":{"line":37,"column":8},"end":{"line":37,"column":24}},"loc":{"start":{"line":37,"column":39},"end":{"line":41,"column":null}},"line":37},"4":{"name":"(anonymous_4)","decl":{"start":{"line":54,"column":10},"end":{"line":54,"column":21}},"loc":{"start":{"line":54,"column":27},"end":{"line":54,"column":null}},"line":54},"5":{"name":"(anonymous_5)","decl":{"start":{"line":65,"column":19},"end":{"line":65,"column":24}},"loc":{"start":{"line":66,"column":12},"end":{"line":76,"column":null}},"line":66},"6":{"name":"(anonymous_6)","decl":{"start":{"line":70,"column":16},"end":{"line":70,"column":31}},"loc":{"start":{"line":70,"column":31},"end":{"line":70,"column":null}},"line":70}},"branchMap":{"0":{"loc":{"start":{"line":23,"column":4},"end":{"line":23,"column":null}},"type":"if","locations":[{"start":{"line":23,"column":4},"end":{"line":23,"column":null}},{"start":{},"end":{}}],"line":23},"1":{"loc":{"start":{"line":26,"column":4},"end":{"line":29,"column":null}},"type":"if","locations":[{"start":{"line":26,"column":4},"end":{"line":29,"column":null}},{"start":{},"end":{}}],"line":26},"2":{"loc":{"start":{"line":62,"column":9},"end":{"line":77,"column":null}},"type":"cond-expr","locations":[{"start":{"line":63,"column":10},"end":{"line":65,"column":19}},{"start":{"line":65,"column":10},"end":{"line":77,"column":null}}],"line":62}},"s":{"0":1,"1":3,"2":3,"3":3,"4":1,"5":1,"6":1,"7":3,"8":0,"9":0,"10":0,"11":0,"12":0,"13":0,"14":0,"15":0,"16":0,"17":0,"18":3,"19":0,"20":0,"21":0,"22":3,"23":0,"24":0,"25":0},"f":{"0":3,"1":1,"2":0,"3":0,"4":0,"5":0,"6":0},"b":{"0":[0,0],"1":[0,0],"2":[3,0]},"meta":{"lastBranch":3,"lastFunction":7,"lastStatement":26,"seen":{"s:1:0:1:Infinity":0,"f:11:16:11:31":0,"s:12:19:12:Infinity":1,"s:13:21:13:Infinity":2,"s:15:2:19:Infinity":3,"f:15:2:15:18":1,"s:16:10:16:Infinity":4,"s:17:4:17:Infinity":5,"s:18:4:18:Infinity":6,"s:21:8:35:Infinity":7,"f:21:8:21:21":2,"s:22:4:22:Infinity":8,"b:23:4:23:Infinity:undefined:undefined:undefined:undefined":0,"s:23:4:23:Infinity":9,"s:23:28:23:Infinity":10,"b:26:4:29:Infinity:undefined:undefined:undefined:undefined":1,"s:26:4:29:Infinity":11,"s:27:6:27:Infinity":12,"s:28:6:28:Infinity":13,"s:31:10:31:Infinity":14,"s:32:4:32:Infinity":15,"s:33:4:33:Infinity":16,"s:34:4:34:Infinity":17,"s:37:8:41:Infinity":18,"f:37:8:37:24":3,"s:38:10:38:Infinity":19,"s:39:4:39:Infinity":20,"s:40:4:40:Infinity":21,"s:43:2:80:Infinity":22,"f:54:10:54:21":4,"s:54:27:54:Infinity":23,"b:63:10:65:19:65:10:77:Infinity":2,"f:65:19:65:24":5,"s:66:12:76:Infinity":24,"f:70:16:70:31":6,"s:70:31:70:Infinity":25}}}
,"C:\\Users\\dldbs\\Desktop\\RSS\\components\\market-sentiment.tsx": {"path":"C:\\Users\\dldbs\\Desktop\\RSS\\components\\market-sentiment.tsx","statementMap":{"0":{"start":{"line":12,"column":20},"end":{"line":12,"column":null}},"1":{"start":{"line":13,"column":18},"end":{"line":13,"column":null}},"2":{"start":{"line":15,"column":2},"end":{"line":18,"column":null}},"3":{"start":{"line":16,"column":4},"end":{"line":16,"column":null}},"4":{"start":{"line":17,"column":4},"end":{"line":17,"column":null}},"5":{"start":{"line":21,"column":8},"end":{"line":32,"column":null}},"6":{"start":{"line":22,"column":4},"end":{"line":22,"column":null}},"7":{"start":{"line":22,"column":28},"end":{"line":22,"column":null}},"8":{"start":{"line":23,"column":18},"end":{"line":23,"column":null}},"9":{"start":{"line":24,"column":19},"end":{"line":24,"column":null}},"10":{"start":{"line":25,"column":17},"end":{"line":25,"column":null}},"11":{"start":{"line":27,"column":4},"end":{"line":31,"column":null}},"12":{"start":{"line":28,"column":16},"end":{"line":28,"column":null}},"13":{"start":{"line":29,"column":16},"end":{"line":29,"column":null}},"14":{"start":{"line":30,"column":6},"end":{"line":30,"column":null}},"15":{"start":{"line":34,"column":2},"end":{"line":68,"column":null}}},"fnMap":{"0":{"name":"MarketSentiment","decl":{"start":{"line":11,"column":16},"end":{"line":11,"column":32}},"loc":{"start":{"line":11,"column":72},"end":{"line":70,"column":null}},"line":11},"1":{"name":"(anonymous_1)","decl":{"start":{"line":15,"column":2},"end":{"line":15,"column":18}},"loc":{"start":{"line":15,"column":18},"end":{"line":18,"column":5}},"line":15},"2":{"name":"(anonymous_2)","decl":{"start":{"line":21,"column":8},"end":{"line":21,"column":24}},"loc":{"start":{"line":21,"column":24},"end":{"line":32,"column":null}},"line":21},"3":{"name":"(anonymous_3)","decl":{"start":{"line":27,"column":19},"end":{"line":27,"column":24}},"loc":{"start":{"line":27,"column":33},"end":{"line":31,"column":5}},"line":27}},"branchMap":{"0":{"loc":{"start":{"line":22,"column":4},"end":{"line":22,"column":null}},"type":"if","locations":[{"start":{"line":22,"column":4},"end":{"line":22,"column":null}},{"start":{},"end":{}}],"line":22},"1":{"loc":{"start":{"line":30,"column":16},"end":{"line":30,"column":36}},"type":"cond-expr","locations":[{"start":{"line":30,"column":26},"end":{"line":30,"column":32}},{"start":{"line":30,"column":32},"end":{"line":30,"column":36}}],"line":30}},"s":{"0":4,"1":4,"2":4,"3":2,"4":2,"5":4,"6":4,"7":4,"8":0,"9":0,"10":0,"11":0,"12":0,"13":0,"14":0,"15":4},"f":{"0":4,"1":2,"2":4,"3":0},"b":{"0":[4,0],"1":[0,0]},"meta":{"lastBranch":2,"lastFunction":4,"lastStatement":16,"seen":{"f:11:16:11:32":0,"s:12:20:12:Infinity":0,"s:13:18:13:Infinity":1,"s:15:2:18:Infinity":2,"f:15:2:15:18":1,"s:16:4:16:Infinity":3,"s:17:4:17:Infinity":4,"s:21:8:32:Infinity":5,"f:21:8:21:24":2,"b:22:4:22:Infinity:undefined:undefined:undefined:undefined":0,"s:22:4:22:Infinity":6,"s:22:28:22:Infinity":7,"s:23:18:23:Infinity":8,"s:24:19:24:Infinity":9,"s:25:17:25:Infinity":10,"s:27:4:31:Infinity":11,"f:27:19:27:24":3,"s:28:16:28:Infinity":12,"s:29:16:29:Infinity":13,"s:30:6:30:Infinity":14,"b:30:26:30:32:30:32:30:36":1,"s:34:2:68:Infinity":15}}}
,"C:\\Users\\dldbs\\Desktop\\RSS\\components\\opendart-fast-page.tsx": {"path":"C:\\Users\\dldbs\\Desktop\\RSS\\components\\opendart-fast-page.tsx","statementMap":{"0":{"start":{"line":1,"column":0},"end":{"line":1,"column":null}},"1":{"start":{"line":17,"column":2},"end":{"line":23,"column":null}},"2":{"start":{"line":18,"column":4},"end":{"line":20,"column":null}},"3":{"start":{"line":19,"column":6},"end":{"line":19,"column":null}},"4":{"start":{"line":22,"column":4},"end":{"line":22,"column":null}},"5":{"start":{"line":27,"column":18},"end":{"line":27,"column":null}},"6":{"start":{"line":28,"column":23},"end":{"line":28,"column":null}},"7":{"start":{"line":29,"column":21},"end":{"line":29,"column":null}},"8":{"start":{"line":30,"column":25},"end":{"line":30,"column":null}},"9":{"start":{"line":31,"column":18},"end":{"line":31,"column":null}},"10":{"start":{"line":32,"column":16},"end":{"line":32,"column":null}},"11":{"start":{"line":33,"column":8},"end":{"line":33,"column":null}},"12":{"start":{"line":35,"column":2},"end":{"line":106,"column":null}},"13":{"start":{"line":36,"column":20},"end":{"line":36,"column":null}},"14":{"start":{"line":39,"column":6},"end":{"line":67,"column":null}},"15":{"start":{"line":40,"column":42},"end":{"line":44,"column":null}},"16":{"start":{"line":42,"column":78},"end":{"line":42,"column":82}},"17":{"start":{"line":43,"column":76},"end":{"line":43,"column":80}},"18":{"start":{"line":46,"column":8},"end":{"line":49,"column":null}},"19":{"start":{"line":47,"column":23},"end":{"line":47,"column":null}},"20":{"start":{"line":47,"column":56},"end":{"line":47,"column":60}},"21":{"start":{"line":48,"column":10},"end":{"line":48,"column":null}},"22":{"start":{"line":51,"column":26},"end":{"line":51,"column":null}},"23":{"start":{"line":52,"column":24},"end":{"line":52,"column":null}},"24":{"start":{"line":53,"column":24},"end":{"line":53,"column":null}},"25":{"start":{"line":55,"column":8},"end":{"line":61,"column":null}},"26":{"start":{"line":56,"column":10},"end":{"line":56,"column":null}},"27":{"start":{"line":57,"column":10},"end":{"line":57,"column":null}},"28":{"start":{"line":58,"column":10},"end":{"line":58,"column":null}},"29":{"start":{"line":59,"column":10},"end":{"line":59,"column":null}},"30":{"start":{"line":60,"column":10},"end":{"line":60,"column":null}},"31":{"start":{"line":63,"column":8},"end":{"line":66,"column":null
[...]
,"column":55}},"7":{"start":{"line":18,"column":6},"end":{"line":18,"column":null}},"8":{"start":{"line":22,"column":2},"end":{"line":22,"column":null}},"9":{"start":{"line":26,"column":79},"end":{"line":33,"column":null}},"10":{"start":{"line":35,"column":2},"end":{"line":43,"column":null}},"11":{"start":{"line":36,"column":19},"end":{"line":36,"column":null}},"12":{"start":{"line":37,"column":22},"end":{"line":37,"column":null}},"13":{"start":{"line":39,"column":4},"end":{"line":39,"column":null}},"14":{"start":{"line":40,"column":4},"end":{"line":42,"column":null}},"15":{"start":{"line":41,"column":6},"end":{"line":41,"column":null}},"16":{"start":{"line":45,"column":2},"end":{"line":49,"column":null}},"17":{"start":{"line":45,"column":62},"end":{"line":49,"column":4}}},"fnMap":{"0":{"name":"classifySector","decl":{"start":{"line":12,"column":16},"end":{"line":12,"column":31}},"loc":{"start":{"line":12,"column":75},"end":{"line":23,"column":null}},"line":12},"1":{"name":"(anonymous_1)","decl":{"start":{"line":17,"column":17},"end":{"line":17,"column":22}},"loc":{"start":{"line":17,"column":33},"end":{"line":17,"column":55}},"line":17},"2":{"name":"getSectorSentiment","decl":{"start":{"line":25,"column":16},"end":{"line":25,"column":35}},"loc":{"start":{"line":25,"column":119},"end":{"line":50,"column":null}},"line":25},"3":{"name":"(anonymous_3)","decl":{"start":{"line":35,"column":8},"end":{"line":35,"column":16}},"loc":{"start":{"line":35,"column":24},"end":{"line":43,"column":3}},"line":35},"4":{"name":"(anonymous_4)","decl":{"start":{"line":45,"column":38},"end":{"line":45,"column":43}},"loc":{"start":{"line":45,"column":62},"end":{"line":49,"column":4}},"line":45}},"branchMap":{"0":{"loc":{"start":{"line":16,"column":4},"end":{"line":16,"column":null}},"type":"if","locations":[{"start":{"line":16,"column":4},"end":{"line":16,"column":null}},{"start":{},"end":{}}],"line":16},"1":{"loc":{"start":{"line":17,"column":4},"end":{"line":19,"column":null}},"type":"if","locations":[{"start":{"line":17,"column":4},"end":{"line":19,"column":null}},{"start":{},"end":{}}],"line":17},"2":{"loc":{"start":{"line":37,"column":22},"end":{"line":37,"column":null}},"type":"binary-expr","locations":[{"start":{"line":37,"column":22},"end":{"line":37,"column":50}},{"start":{"line":37,"column":50},"end":{"line":37,"column":null}}],"line":37},"3":{"loc":{"start":{"line":40,"column":4},"end":{"line":42,"column":null}},"type":"if","locations":[{"start":{"line":40,"column":4},"end":{"line":42,"column":null}},{"start":{},"end":{}}],"line":40},"4":{"loc":{"start":{"line":47,"column":14},"end":{"line":47,"column":null}},"type":"cond-expr","locations":[{"start":{"line":47,"column":33},"end":{"line":47,"column":70}},{"start":{"line":47,"column":70},"end":{"line":47,"column":null}}],"line":47}},"s":{"0":3,"1":9,"2":9,"3":29,"4":3,"5":26,"6":203,"7":6,"8":3,"9":7,"10":7,"11":3,"12":3,"13":3,"14":3,"15":2,"16":7,"17":42},"f":{"0":9,"1":203,"2":7,"3":3,"4":42},"b":{"0":[3,26],"1":[6,20],"2":[3,1],"3":[2,1],"4":[3,39]},"meta":{"lastBranch":5,"lastFunction":5,"lastStatement":18,"seen":{"s:3:54:10:Infinity":0,"f:12:16:12:31":0,"s:13:15:13:Infinity":1,"s:15:2:20:Infinity":2,"b:16:4:16:Infinity:undefined:undefined:undefined:undefined":0,"s:16:4:16:Infinity":3,"s:16:25:16:Infinity":4,"b:17:4:19:Infinity:undefined:undefined:undefined:undefined":1,"s:17:4:19:Infinity":5,"f:17:17:17:22":1,"s:17:33:17:55":6,"s:18:6:18:Infinity":7,"s:22:2:22:Infinity":8,"f:25:16:25:35":2,"s:26:79:33:Infinity":9,"s:35:2:43:Infinity":10,"f:35:8:35:16":3,"s:36:19:36:Infinity":11,"s:37:22:37:Infinity":12,"b:37:22:37:50:37:50:37:Infinity":2,"s:39:4:39:Infinity":13,"b:40:4:42:Infinity:undefined:undefined:undefined:undefined":3,"s:40:4:42:Infinity":14,"s:41:6:41:Infinity":15,"s:45:2:49:Infinity":16,"f:45:38:45:43":4,"s:45:62:49:4":17,"b:47:33:47:70:47:70:47:Infinity":4}}}
,"C:\\Users\\dldbs\\Desktop\\RSS\\lib\\sentiment.ts": {"path":"C:\\Users\\dldbs\\Desktop\\RSS\\lib\\sentiment.ts","statementMap":{"0":{"start":{"line":1,"column":20},"end":{"line":1,"column":null}},"1":{"start":{"line":2,"column":20},"end":{"line":2,"column":null}},"2":{"start":{"line":10,"column":2},"end":{"line":10,"column":null}},"3":{"start":{"line":10,"column":37},"end":{"line":10,"column":null}},"4":{"start":{"line":11,"column":16},"end":{"line":11,"column":null}},"5":{"start":{"line":12,"column":2},"end":{"line":12,"column":null}},"6":{"start":{"line":12,"column":14},"end":{"line":12,"column":null}},"7":{"start":{"line":13,"column":2},"end":{"line":17,"column":null}},"8":{"start":{"line":14,"column":4},"end":{"line":14,"column":null}},"9":{"start":{"line":16,"column":4},"end":{"line":16,"column":null}},"10":{"start":{"line":21,"column":2},"end":{"line":21,"column":null}},"11":{"start":{"line":21,"column":37},"end":{"line":21,"column":null}},"12":{"start":{"line":22,"column":18},"end":{"line":22,"column":null}},"13":{"start":{"line":23,"column":14},"end":{"line":23,"column":null}},"14":{"start":{"line":26,"column":2},"end":{"line":29,"column":null}},"15":{"start":{"line":27,"column":17},"end":{"line":27,"column":null}},"16":{"start":{"line":28,"column":4},"end":{"line":28,"column":null}},"17":{"start":{"line":28,"column":45},"end":{"line":28,"column":null}},"18":{"start":{"line":31,"column":21},"end":{"line":31,"column":null}},"19":{"start":{"line":32,"column":2},"end":{"line":32,"column":null}}},"fnMap":{"0":{"name":"getSentimentHistory","decl":{"start":{"line":9,"column":16},"end":{"line":9,"column":59}},"loc":{"start":{"line":9,"column":59},"end":{"line":18,"column":null}},"line":9},"1":{"name":"addSentimentSnapshot","decl":{"start":{"line":20,"column":16},"end":{"line":20,"column":37}},"loc":{"start":{"line":20,"column":52},"end":{"line":33,"column":null}},"line":20}},"branchMap":{"0":{"loc":{"start":{"line":10,"column":2},"end":{"line":10,"column":null}},"type":"if","locations":[{"start":{"line":10,"column":2},"end":{"line":10,"column":null}},{"start":{},"end":{}}],"line":10},"1":{"loc":{"start":{"line":12,"column":2},"end":{"line":12,"column":null}},"type":"if","locations":[{"start":{"line":12,"column":2},"end":{"line":12,"column":null}},{"start":{},"end":{}}],"line":12},"2":{"loc":{"start":{"line":21,"column":2},"end":{"line":21,"column":null}},"type":"if","locations":[{"start":{"line":21,"column":2},"end":{"line":21,"column":null}},{"start":{},"end":{}}],"line":21},"3":{"loc":{"start":{"line":26,"column":2},"end":{"line":29,"column":null}},"type":"if","locations":[{"start":{"line":26,"column":2},"end":{"line":29,"column":null}},{"start":{},"end":{}}],"line":26},"4":{"loc":{"start":{"line":28,"column":4},"end":{"line":28,"column":null}},"type":"if","locations":[{"start":{"line":28,"column":4},"end":{"line":28,"column":null}},{"start":{},"end":{}}],"line":28}},"s":{"0":2,"1":2,"2":7,"3":0,"4":7,"5":7,"6":1,"7":6,"8":6,"9":0,"10":4,"11":0,"12":4,"13":4,"14":4,"15":1,"16":1,"17":1,"18":3,"19":3},"f":{"0":7,"1":4},"b":{"0":[0,7],"1":[1,6],"2":[0,4],"3":[1,3],"4":[1,0]},"meta":{"lastBranch":5,"lastFunction":2,"lastStatement":20,"seen":{"s:1:20:1:Infinity":0,"s:2:20:2:Infinity":1,"f:9:16:9:59":0,"b:10:2:10:Infinity:undefined:undefined:undefined:undefined":0,"s:10:2:10:Infinity":2,"s:10:37:10:Infinity":3,"s:11:16:11:Infinity":4,"b:12:2:12:Infinity:undefined:undefined:undefined:undefined":1,"s:12:2:12:Infinity":5,"s:12:14:12:Infinity":6,"s:13:2:17:Infinity":7,"s:14:4:14:Infinity":8,"s:16:4:16:Infinity":9,"f:20:16:20:37":1,"b:21:2:21:Infinity:undefined:undefined:undefined:undefined":2,"s:21:2:21:Infinity":10,"s:21:37:21:Infinity":11,"s:22:18:22:Infinity":12,"s:23:14:23:Infinity":13,"b:26:2:29:Infinity:undefined:undefined:undefined:undefined":3,"s:26:2:29:Infinity":14,"s:27:17:27:Infinity":15,"b:28:4:28:Infinity:undefined:undefined:undefined:undefined":4,"s:28:4:28:Infinity":16,"s:28:45:28:Infinity":17,"s:31:21:31:Infinity":18,"s:32:2:32:Infinity":19}}}
,"C:\\Users\\dldbs\\Desktop\\RSS\\lib\\utils.ts": {"path":"C:\\Users\\dldbs\\Desktop\\RSS\\lib\\utils.ts","statementMap":{"0":{"start":{"line":4,"column":2},"end":{"line":6,"column":null}},"1":{"start":{"line":5,"column":4},"end":{"line":5,"column":null}},"2":{"start":{"line":8,"column":15},"end":{"line":8,"column":null}},"3":{"start":{"line":9,"column":2},"end":{"line":11,"column":null}},"4":{"start":{"line":10,"column":4},"end":{"line":10,"column":null}},"5":{"start":{"line":13,"column":2},"end":{"line":20,"column":null}},"6":{"start":{"line":14,"column":4},"end":{"line":19,"column":null}},"7":{"start":{"line":22,"column":2},"end":{"line":25,"column":null}},"8":{"start":{"line":29,"column":15},"end":{"line":29,"column":null}},"9":{"start":{"line":30,"column":2},"end":{"line":32,"column":null}},"10":{"start":{"line":31,"column":4},"end":{"line":31,"column":null}},"11":{"start":{"line":34,"column":2},"end":{"line":34,"column":null}},"12":{"start":{"line":38,"column":2},"end":{"line":40,"column":null}},"13":{"start":{"line":39,"column":4},"end":{"line":39,"column":null}},"14":{"start":{"line":41,"column":2},"end":{"line":43,"column":null}},"15":{"start":{"line":42,"column":4},"end":{"line":42,"column":null}},"16":{"start":{"line":44,"column":2},"end":{"line":44,"column":null}},"17":{"start":{"line":48,"column":2},"end":{"line":52,"column":null}},"18":{"start":{"line":49,"column":21},"end":{"line":49,"column":null}},"19":{"start":{"line":50,"column":22},"end":{"line":50,"column":null}},"20":{"start":{"line":51,"column":4},"end":{"line":51,"column":null}},"21":{"start":{"line":56,"column":8},"end":{"line":56,"column":null}},"22":{"start":{"line":57,"column":2},"end":{"line":57,"column":null}},"23":{"start":{"line":61,"column":2},"end":{"line":61,"column":null}},"24":{"start":{"line":61,"column":21},"end":{"line":61,"column":null}},"25":{"start":{"line":62,"column":2},"end":{"line":62,"column":null}},"26":{"start":{"line":62,"column":21},"end":{"line":62,"column":null}},"27":{"start":{"line":63,"column":2},"end":{"line":63,"column":null}},"28":{"start":{"line":67,"column":2},"end":{"line":67,"column":null}},"29":{"start":{"line":71,"column":2},"end":{"line":71,"column":null}}},"fnMap":{"0":{"name":"formatTime","decl":{"start":{"line":3,"column":16},"end":{"line":3,"column":27}},"loc":{"start":{"line":3,"column":65},"end":{"line":26,"column":null}},"line":3},"1":{"name":"minutesAgo","decl":{"start":{"line":28,"column":16},"end":{"line":28,"column":27}},"loc":{"start":{"line":28,"column":50},"end":{"line":35,"column":null}},"line":28},"2":{"name":"getJudgmentStatus","decl":{"start":{"line":37,"column":16},"end":{"line":37,"column":34}},"loc":{"start":{"line":37,"column":78},"end":{"line":45,"column":null}},"line":37},"3":{"name":"sortByPublishedAtDesc","decl":{"start":{"line":47,"column":16},"end":{"line":47,"column":73}},"loc":{"start":{"line":47,"column":90},"end":{"line":53,"column":null}},"line":47},"4":{"name":"(anonymous_4)","decl":{"start":{"line":48,"column":20},"end":{"line":48,"column":26}},"loc":{"start":{"line":48,"column":42},"end":{"line":52,"column":3}},"line":48},"5":{"name":"paginateItems","decl":{"start":{"line":55,"column":16},"end":{"line":55,"column":33}},"loc":{"start":{"line":55,"column":82},"end":{"line":58,"column":null}},"line":55},"6":{"name":"marketLabel","decl":{"start":{"line":60,"column":16},"end":{"line":60,"column":28}},"loc":{"start":{"line":60,"column":51},"end":{"line":64,"column":null}},"line":60},"7":{"name":"isStrongBullish","decl":{"start":{"line":66,"column":16},"end":{"line":66,"column":32}},"loc":{"start":{"line":66,"column":57},"end":{"line":68,"column":null}},"line":66},"8":{"name":"getNaverFinanceLink","decl":{"start":{"line":70,"column":16},"end":{"line":70,"column":36}},"loc":{"start":{"line":70,"column":61},"end":{"line":72,"column":null}},"line":70}},"branchMap":{"0":{"loc":{"start":{"line":3,"column":42},"end":{"line":3,"column":65}},"type":"default-arg","locations":[{"start":{"line":3,"column":50},"end":{"line":3,"column":65}}],"line":3},"1":{"loc":{"start":{"line":4,"column":2},"end":{"line":6,"column":null}},"type":"if","locations":[{"start":{"line":4,"column":2},"end":{"line":6,"column":null}},{"start":{},"end":{}}],"line":4},"2":{"loc":{"start":{"line":9,"column":2},"end":{"line":11,"column":null}},"type":"if","locations":[{"start":{"line":9,"column":2},"end":{"line":11,"column":null}},{"start":{},"end":{}}],"line":9},"3":{"loc":{"start":{"line":13,"column":2},"end":{"line":20,"column":null}},"type":"if","locations":[{"start":{"line":13,"column":2},"end":{"line":20,"column":null}},{"start":{},"end":{}}],"line":13},"4":{"loc":{"start":{"line":30,"column":2},"end":{"line":32,"column":null}},"type":"if","locations":[{"start":{"line":30,"column":2},"end":{"line":32,"column":null}},{"start":{},"end":{}}],"line":30},"5":{"loc":{"start":{"line":38,"column":2},"end":{"line":40,"column":null}},"type":"if","locations":[{"start":{"line":38,"column":2},"end":{"line":40,"column":null}},{"start":{},"end":{}}],"line":38},"6":{"loc":{"start":{"line":38,"column":6},"end":{"line":38,"column":54}},"type":"binary-expr","locations":[{"start":{"line":38,"column":6},"end":{"line":38,"column":32}},{"start":{"line":38,"column":32},"end":{"line":38,"column":54}}],"line":38},"7":{"loc":{"start":{"line":41,"column":2},"end":{"line":43,"column":null}},"type":"if","locations":[{"start":{"line":41,"column":2},"end":{"line":43,"column":null}},{"start":{},"end":{}}],"line":41},"8":{"loc":{"start":{"line":61,"column":2},"end":{"line":61,"column":null}},"type":"if","locations":[{"start":{"line":61,"column":2},"end":{"line":61,"column":null}},{"start":{},"end":{}}],"line":61},"9":{"loc":{"start":{"line":62,"column":2},"end":{"line":62,"column":null}},"type":"if","locations":[{"start":{"line":62,"column":2},"end":{"line":62,"column":null}},{"start":{},"end":{}}],"line":62},"10":{"loc":{"start":{"line":63,"column":9},"end":{"line":63,"column":null}},"type":"binary-expr","locations":[{"start":{"line":63,"column":9},"end":{"line":63,"column":18}},{"start":{"line":63,"column":18},"end":{"line":63,"column":null}}],"line":63}},"s":{"0":4,"1":1,"2":3,"3":3,"4":1,"5":2,"6":1,"7":1,"8":7,"9":7,"10":1,"11":6,"12":4,"13":2,"14":2,"15":1,"16":1,"17":1,"18":1,"19":1,"20":1,"21":8,"22":8,"23":5,"24":1,"25":4,"26":1,"27":3,"28":2,"29":1},"f":{"0":4,"1":7,"2":4,"3":1,"4":1,"5":8,"6":5,"7":2,"8":1},"b":{"0":[4],"1":[1,3],"2":[1,2],"3":[1,1],"4":[1,6],"5":[2,2],"6":[4,3],"7":[1,1],"8":[1,4],"9":[1,3],"10":[3,2]},"meta":{"lastBranch":11,"lastFunction":9,"lastStatement":30,"seen":{"f:3:16:3:27":0,"b:3:50:3:65":0,"b:4:2:6:Infinity:undefined:undefined:undefined:undefined":1,"s:4:2:6:Infinity":0,"s:5:4:5:Infinity":1,"s:8:15:8:Infinity":2,"b:9:2:11:Infinity:undefined:undefined:undefined:undefined":2,"s:9:2:11:Infinity":3,"s:10:4:10:Infinity":4,"b:13:2:20:Infinity:undefined:undefined:undefined:undefined":3,"s:13:2:20:Infinity":5,"s:14:4:19:Infinity":6,"s:22:2:25:Infinity":7,"f:28:16:28:27":1,"s:29:15:29:Infinity":8,"b:30:2:32:Infinity:undefined:undefined:undefined:undefined":4,"s:30:2:32:Infinity":9,"s:31:4:31:Infinity":10,"s:34:2:34:Infinity":11,"f:37:16:37:34":2,"b:38:2:40:Infinity:undefined:undefined:undefined:undefined":5,"s:38:2:40:Infinity":12,"b:38:6:38:32:38:32:38:54":6,"s:39:4:39:Infinity":13,"b:41:2:43:Infinity:undefined:undefined:undefined:undefined":7,"s:41:2:43:Infinity":14,"s:42:4:42:Infinity":15,"s:44:2:44:Infinity":16,"f:47:16:47:73":3,"s:48:2:52:Infinity":17,"f:48:20:48:26":4,"s:49:21:49:Infinity":18,"s:50:22:50:Infinity":19,"s:51:4:51:Infinity":20,"f:55:16:55:33":5,"s:56:8:56:Infinity":21,"s:57:2:57:Infinity":22,"f:60:16:60:28":6,"b:61:2:61:Infinity:undefined:undefined:undefined:undefined":8,"s:61:2:61:Infinity":23,"s:61:21:61:Infinity":24,"b:62:2:62:Infinity:undefined:undefined:undefined:undefined":9,"s:62:2:62:Infinity":25,"s:62:21:62:Infinity":26,"s:63:2:63:Infinity":27,"b:63:9:63:18:63:18:63:Infinity":10,"f:66:16:66:32":7,"s:67:2:67:Infinity":28,"f:70:16:70:36":8,"s:71:2:71:Infinity":29}}}
,"C:\\Users\\dldbs\\Desktop\\RSS\\lib\\watchlist.ts": {"path":"C:\\Users\\dldbs\\Desktop\\RSS\\lib\\watchlist.ts","statementMap":{"0":{"start":{"line":1,"column":0},"end":{"line":1,"column":null}},"1":{"start":{"line":3,"column":29},"end":{"line":3,"column":null}},"2":{"start":{"line":6,"column":2},"end":{"line":6,"column":null}},"3":{"start":{"line":6,"column":37},"end":{"line":6,"column":null}},"4":{"start":{"line":7,"column":17},"end":{"line":7,"column":null}},"5":{"start":{"line":8,"column":2},"end":{"line":8,"column":null}},"6":{"start":{"line":8,"column":15},"end":{"line":8,"column":null}},"7":{"start":{"line":9,"column":2},"end":{"line":14,"column":null}},"8":{"start":{"line":10,"column":4},"end":{"line":10,"column":null}},"9":{"start":{"line":12,"column":4},"end":{"line":12,"column":null}},"10":{"start":{"line":13,"column":4},"end":{"line":13,"column":null}},"11":{"start":{"line":18,"column":2},"end":{"line":18,"column":null}},"12":{"start":{"line":18,"column":37},"end":{"line":18,"column":null}},"13":{"start":{"line":19,"column":2},"end":{"line":19,"column":null}},"14":{"start":{"line":23,"column":18},"end":{"line":23,"column":null}},"15":{"start":{"line":24,"column":18},"end":{"line":26,"column":null}},"16":{"start":{"line":25,"column":28},"end":{"line":25,"column":41}},"17":{"start":{"line":27,"column":2},"end":{"line":27,"column":null}},"18":{"start":{"line":28,"column":2},"end":{"line":28,"column":null}}},"fnMap":{"0":{"name":"getWatchlist","decl":{"start":{"line":5,"column":16},"end":{"line":5,"column":41}},"loc":{"start":{"line":5,"column":41},"end":{"line":15,"column":null}},"line":5},"1":{"name":"saveWatchlist","decl":{"start":{"line":17,"column":16},"end":{"line":17,"column":30}},"loc":{"start":{"line":17,"column":51},"end":{"line":20,"column":null}},"line":17},"2":{"name":"toggleWatchlist","decl":{"start":{"line":22,"column":16},"end":{"line":22,"column":32}},"loc":{"start":{"line":22,"column":59},"end":{"line":29,"column":null}},"line":22},"3":{"name":"(anonymous_3)","decl":{"start":{"line":25,"column":14},"end":{"line":25,"column":22}},"loc":{"start":{"line":25,"column":28},"end":{"line":25,"column":41}},"line":25}},"branchMap":{"0":{"loc":{"start":{"line":6,"column":2},"end":{"line":6,"column":null}},"type":"if","locations":[{"start":{"line":6,"column":2},"end":{"line":6,"column":null}},{"start":{},"end":{}}],"line":6},"1":{"loc":{"start":{"line":8,"column":2},"end":{"line":8,"column":null}},"type":"if","locations":[{"start":{"line":8,"column":2},"end":{"line":8,"column":null}},{"start":{},"end":{}}],"line":8},"2":{"loc":{"start":{"line":18,"column":2},"end":{"line":18,"column":null}},"type":"if","locations":[{"start":{"line":18,"column":2},"end":{"line":18,"column":null}},{"start":{},"end":{}}],"line":18},"3":{"loc":{"start":{"line":24,"column":18},"end":{"line":26,"column":null}},"type":"cond-expr","locations":[{"start":{"line":25,"column":6},"end":{"line":25,"column":null}},{"start":{"line":26,"column":6},"end":{"line":26,"column":null}}],"line":24}},"s":{"0":2,"1":2,"2":6,"3":0,"4":6,"5":6,"6":2,"7":4,"8":4,"9":1,"10":1,"11":3,"12":0,"13":3,"14":2,"15":2,"16":2,"17":2,"18":2},"f":{"0":6,"1":3,"2":2,"3":2},"b":{"0":[0,6],"1":[2,4],"2":[0,3],"3":[1,1]},"meta":{"lastBranch":4,"lastFunction":4,"lastStatement":19,"seen":{"s:1:0:1:Infinity":0,"s:3:29:3:Infinity":1,"f:5:16:5:41":0,"b:6:2:6:Infinity:undefined:undefined:undefined:undefined":0,"s:6:2:6:Infinity":2,"s:6:37:6:Infinity":3,"s:7:17:7:Infinity":4,"b:8:2:8:Infinity:undefined:undefined:undefined:undefined":1,"s:8:2:8:Infinity":5,"s:8:15:8:Infinity":6,"s:9:2:14:Infinity":7,"s:10:4:10:Infinity":8,"s:12:4:12:Infinity":9,"s:13:4:13:Infinity":10,"f:17:16:17:30":1,"b:18:2:18:Infinity:undefined:undefined:undefined:undefined":2,"s:18:2:18:Infinity":11,"s:18:37:18:Infinity":12,"s:19:2:19:Infinity":13,"f:22:16:22:32":2,"s:23:18:23:Infinity":14,"s:24:18:26:Infinity":15,"b:25:6:25:Infinity:26:6:26:Infinity":3,"f:25:14:25:22":3,"s:25:28:25:41":16,"s:27:2:27:Infinity":17,"s:28:2:28:Infinity":18}}}
}
